Started GET "/" for 127.0.0.1 at 2021-10-12 13:49:41 -0500
  [1m[35m (1.8ms)[0m  [1m[34mSELECT sqlite_version(*)[0m
Processing by Rails::WelcomeController#index as HTML
  Rendering /home/david/.rvm/gems/ruby-3.0.2/gems/railties-6.1.4.1/lib/rails/templates/rails/welcome/index.html.erb
  Rendered /home/david/.rvm/gems/ruby-3.0.2/gems/railties-6.1.4.1/lib/rails/templates/rails/welcome/index.html.erb (Duration: 21.8ms | Allocations: 595)
Completed 200 OK in 59ms (Views: 26.4ms | ActiveRecord: 0.0ms | Allocations: 4729)


Started GET "/" for 127.0.0.1 at 2021-10-12 13:51:18 -0500
Processing by Rails::WelcomeController#index as HTML
  Rendering /home/david/.rvm/gems/ruby-3.0.2/gems/railties-6.1.4.1/lib/rails/templates/rails/welcome/index.html.erb
  Rendered /home/david/.rvm/gems/ruby-3.0.2/gems/railties-6.1.4.1/lib/rails/templates/rails/welcome/index.html.erb (Duration: 6.4ms | Allocations: 261)
Completed 200 OK in 10ms (Views: 8.4ms | ActiveRecord: 0.0ms | Allocations: 1175)


Started GET "/" for 127.0.0.1 at 2021-10-12 13:51:19 -0500
Processing by Rails::WelcomeController#index as HTML
  Rendering /home/david/.rvm/gems/ruby-3.0.2/gems/railties-6.1.4.1/lib/rails/templates/rails/welcome/index.html.erb
  Rendered /home/david/.rvm/gems/ruby-3.0.2/gems/railties-6.1.4.1/lib/rails/templates/rails/welcome/index.html.erb (Duration: 0.5ms | Allocations: 46)
Completed 200 OK in 2ms (Views: 1.3ms | ActiveRecord: 0.0ms | Allocations: 459)


Started GET "/" for 127.0.0.1 at 2021-10-12 13:51:19 -0500
Processing by Rails::WelcomeController#index as HTML
  Rendering /home/david/.rvm/gems/ruby-3.0.2/gems/railties-6.1.4.1/lib/rails/templates/rails/welcome/index.html.erb
  Rendered /home/david/.rvm/gems/ruby-3.0.2/gems/railties-6.1.4.1/lib/rails/templates/rails/welcome/index.html.erb (Duration: 0.3ms | Allocations: 45)
Completed 200 OK in 2ms (Views: 0.9ms | ActiveRecord: 0.0ms | Allocations: 405)


Started GET "/" for 127.0.0.1 at 2021-10-12 13:51:20 -0500
Processing by Rails::WelcomeController#index as HTML
  Rendering /home/david/.rvm/gems/ruby-3.0.2/gems/railties-6.1.4.1/lib/rails/templates/rails/welcome/index.html.erb
  Rendered /home/david/.rvm/gems/ruby-3.0.2/gems/railties-6.1.4.1/lib/rails/templates/rails/welcome/index.html.erb (Duration: 0.4ms | Allocations: 46)
Completed 200 OK in 2ms (Views: 1.1ms | ActiveRecord: 0.0ms | Allocations: 411)


Started GET "/" for 127.0.0.1 at 2021-10-12 13:51:20 -0500
Processing by Rails::WelcomeController#index as HTML
  Rendering /home/david/.rvm/gems/ruby-3.0.2/gems/railties-6.1.4.1/lib/rails/templates/rails/welcome/index.html.erb
  Rendered /home/david/.rvm/gems/ruby-3.0.2/gems/railties-6.1.4.1/lib/rails/templates/rails/welcome/index.html.erb (Duration: 0.7ms | Allocations: 45)
Completed 200 OK in 3ms (Views: 2.1ms | ActiveRecord: 0.0ms | Allocations: 405)


Started GET "/" for 127.0.0.1 at 2021-10-12 13:51:20 -0500
Processing by Rails::WelcomeController#index as HTML
  Rendering /home/david/.rvm/gems/ruby-3.0.2/gems/railties-6.1.4.1/lib/rails/templates/rails/welcome/index.html.erb
  Rendered /home/david/.rvm/gems/ruby-3.0.2/gems/railties-6.1.4.1/lib/rails/templates/rails/welcome/index.html.erb (Duration: 0.5ms | Allocations: 45)
Completed 200 OK in 4ms (Views: 1.9ms | ActiveRecord: 0.0ms | Allocations: 405)


Started GET "/application" for 127.0.0.1 at 2021-10-12 13:52:22 -0500
  
ActionController::RoutingError (No route matches [GET] "/application"):
  
Started GET "/application.html" for 127.0.0.1 at 2021-10-12 13:52:27 -0500
  
ActionController::RoutingError (No route matches [GET] "/application.html"):
  
Started GET "/application.html.erb" for 127.0.0.1 at 2021-10-12 13:52:33 -0500
  
ActionController::RoutingError (No route matches [GET] "/application.html.erb"):
  
Started GET "/" for 127.0.0.1 at 2021-10-12 17:14:09 -0500
  [1m[35m (20.0ms)[0m  [1m[34mSELECT sqlite_version(*)[0m
Processing by Rails::WelcomeController#index as HTML
  Rendering /home/david/.rvm/gems/ruby-3.0.2/gems/railties-6.1.4.1/lib/rails/templates/rails/welcome/index.html.erb
  Rendered /home/david/.rvm/gems/ruby-3.0.2/gems/railties-6.1.4.1/lib/rails/templates/rails/welcome/index.html.erb (Duration: 20.9ms | Allocations: 490)
Completed 200 OK in 78ms (Views: 23.4ms | ActiveRecord: 0.0ms | Allocations: 3606)


Started GET "/home" for 127.0.0.1 at 2021-10-12 17:15:08 -0500
  
ActionController::RoutingError (No route matches [GET] "/home"):
  
Started GET "/home/index" for 127.0.0.1 at 2021-10-12 17:15:13 -0500
Processing by HomeController#index as HTML
  Rendering layout layouts/application.html.erb
  Rendering home/index.html.erb within layouts/application
  Rendered home/index.html.erb within layouts/application (Duration: 0.4ms | Allocations: 144)
[Webpacker] Compiling...
[Webpacker] Compiled all packs in /opt/lampp/htdocs/proyecto-formativo-2021-variedadesmary/backend/public/packs
[Webpacker] Hash: e2a8a876c5815bee1e21
Version: webpack 4.46.0
Time: 5518ms
Built at: 12/10/2021 5:15:28 p. m.
                                     Asset       Size       Chunks                         Chunk Names
    js/application-e421b4aa3f716bebdab1.js    125 KiB  application  [emitted] [immutable]  application
js/application-e421b4aa3f716bebdab1.js.map    139 KiB  application  [emitted] [dev]        application
                             manifest.json  364 bytes               [emitted]              
Entrypoint application = js/application-e421b4aa3f716bebdab1.js js/application-e421b4aa3f716bebdab1.js.map
[./app/javascript/channels sync recursive _channel\.js$] ./app/javascript/channels sync _channel\.js$ 160 bytes {application} [built]
[./app/javascript/channels/index.js] 211 bytes {application} [built]
[./app/javascript/packs/application.js] 492 bytes {application} [built]
[./node_modules/webpack/buildin/module.js] (webpack)/buildin/module.js 552 bytes {application} [built]
    + 3 hidden modules

  Rendered layout layouts/application.html.erb (Duration: 15339.7ms | Allocations: 14654)
Completed 200 OK in 15454ms (Views: 15453.3ms | Allocations: 16106)


Started GET "/" for 127.0.0.1 at 2021-10-12 17:15:47 -0500
  
SyntaxError (/opt/lampp/htdocs/proyecto-formativo-2021-variedadesmary/backend/config/routes.rb:4: syntax error, unexpected string literal, expecting `end'
  root :to 'home'
           ^
/opt/lampp/htdocs/proyecto-formativo-2021-variedadesmary/backend/config/routes.rb:8: syntax error, unexpected `end', expecting end-of-input):
  
config/routes.rb:4: syntax error, unexpected string literal, expecting `end'
config/routes.rb:8: syntax error, unexpected `end', expecting end-of-input
config/routes.rb:4: syntax error, unexpected string literal, expecting `end'
config/routes.rb:8: syntax error, unexpected `end', expecting end-of-input
config/routes.rb:4: syntax error, unexpected string literal, expecting `end'
config/routes.rb:8: syntax error, unexpected `end', expecting end-of-input
Started GET "/" for 127.0.0.1 at 2021-10-12 17:16:55 -0500
Processing by HomeController#index as HTML
  Rendering layout layouts/application.html.erb
  Rendering home/index.html.erb within layouts/application
  Rendered home/index.html.erb within layouts/application (Duration: 0.1ms | Allocations: 57)
[Webpacker] Everything's up-to-date. Nothing to do
  Rendered layout layouts/application.html.erb (Duration: 8.0ms | Allocations: 3130)
Completed 200 OK in 10ms (Views: 9.5ms | Allocations: 3933)


Started GET "/" for 127.0.0.1 at 2021-10-12 17:16:56 -0500
Processing by HomeController#index as HTML
  Rendering layout layouts/application.html.erb
  Rendering home/index.html.erb within layouts/application
  Rendered home/index.html.erb within layouts/application (Duration: 0.1ms | Allocations: 38)
[Webpacker] Everything's up-to-date. Nothing to do
  Rendered layout layouts/application.html.erb (Duration: 4.1ms | Allocations: 2887)
Completed 200 OK in 6ms (Views: 4.7ms | Allocations: 3373)


Started GET "/" for 127.0.0.1 at 2021-10-12 17:17:08 -0500
Processing by HomeController#index as HTML
  Rendering layout layouts/application.html.erb
  Rendering home/index.html.erb within layouts/application
  Rendered home/index.html.erb within layouts/application (Duration: 0.4ms | Allocations: 143)
[Webpacker] Everything's up-to-date. Nothing to do
  Rendered layout layouts/application.html.erb (Duration: 5.0ms | Allocations: 3403)
Completed 200 OK in 7ms (Views: 6.5ms | Allocations: 4758)


Started GET "/" for 127.0.0.1 at 2021-10-12 17:17:22 -0500
Processing by HomeController#index as HTML
  Rendering layout layouts/application.html.erb
  Rendering home/index.html.erb within layouts/application
  Rendered home/index.html.erb within layouts/application (Duration: 0.4ms | Allocations: 146)
[Webpacker] Everything's up-to-date. Nothing to do
  Rendered layout layouts/application.html.erb (Duration: 6.4ms | Allocations: 3414)
Completed 200 OK in 9ms (Views: 8.3ms | Allocations: 4792)


  [1m[35m (0.4ms)[0m  [1m[34mSELECT sqlite_version(*)[0m
  [1m[35m (99.6ms)[0m  [1m[35mCREATE TABLE "schema_migrations" ("version" varchar NOT NULL PRIMARY KEY)[0m
  [1m[35m (120.7ms)[0m  [1m[35mCREATE TABLE "ar_internal_metadata" ("key" varchar NOT NULL PRIMARY KEY, "value" varchar, "created_at" datetime(6) NOT NULL, "updated_at" datetime(6) NOT NULL)[0m
  [1m[35m (0.2ms)[0m  [1m[34mSELECT "schema_migrations"."version" FROM "schema_migrations" ORDER BY "schema_migrations"."version" ASC[0m
Migrating to CreateUsers (20211012224758)
  [1m[36mTRANSACTION (0.1ms)[0m  [1m[36mbegin transaction[0m
  [1m[35m (0.4ms)[0m  [1m[35mCREATE TABLE "users" ("id" integer PRIMARY KEY AUTOINCREMENT NOT NULL, "name" varchar, "last_name" varchar, "telephone" integer, "sex" varchar, "address" varchar, "birth_date" date, "created_at" datetime(6) NOT NULL, "updated_at" datetime(6) NOT NULL)[0m
  [1m[36mActiveRecord::SchemaMigration Create (0.3ms)[0m  [1m[32mINSERT INTO "schema_migrations" ("version") VALUES (?)[0m  [["version", "20211012224758"]]
  [1m[36mTRANSACTION (100.3ms)[0m  [1m[36mcommit transaction[0m
Migrating to CreateSales (20211012224808)
  [1m[36mTRANSACTION (0.1ms)[0m  [1m[36mbegin transaction[0m
  [1m[35m (0.5ms)[0m  [1m[35mCREATE TABLE "sales" ("id" integer PRIMARY KEY AUTOINCREMENT NOT NULL, "code_sale" integer, "code_customer" integer, "code_employee" integer, "code_product" integer, "kind" varchar, "way_to_pay" varchar, "amount" integer, "date" date, "created_at" datetime(6) NOT NULL, "updated_at" datetime(6) NOT NULL)[0m
  [1m[36mActiveRecord::SchemaMigration Create (0.4ms)[0m  [1m[32mINSERT INTO "schema_migrations" ("version") VALUES (?)[0m  [["version", "20211012224808"]]
  [1m[36mTRANSACTION (93.4ms)[0m  [1m[36mcommit transaction[0m
Migrating to CreateSaleDetails (20211012224819)
  [1m[36mTRANSACTION (0.1ms)[0m  [1m[36mbegin transaction[0m
  [1m[35m (0.6ms)[0m  [1m[35mCREATE TABLE "sale_details" ("id" integer PRIMARY KEY AUTOINCREMENT NOT NULL, "code_sale_detail" integer, "code_sale" integer, "product" varchar, "description" varchar, "unit_value" integer, "total_value" integer, "created_at" datetime(6) NOT NULL, "updated_at" datetime(6) NOT NULL)[0m
  [1m[36mActiveRecord::SchemaMigration Create (0.6ms)[0m  [1m[32mINSERT INTO "schema_migrations" ("version") VALUES (?)[0m  [["version", "20211012224819"]]
  [1m[36mTRANSACTION (96.5ms)[0m  [1m[36mcommit transaction[0m
Migrating to CreatePqrs (20211012224831)
  [1m[36mTRANSACTION (0.1ms)[0m  [1m[36mbegin transaction[0m
  [1m[35m (0.8ms)[0m  [1m[35mCREATE TABLE "pqrs" ("id" integer PRIMARY KEY AUTOINCREMENT NOT NULL, "code_pqr" integer, "code_customer" integer, "code_sale" varchar, "kind" varchar, "description" varchar, "state" varchar, "reference" varchar, "date" date, "code_kind" varchar, "created_at" datetime(6) NOT NULL, "updated_at" datetime(6) NOT NULL)[0m
  [1m[36mActiveRecord::SchemaMigration Create (2.8ms)[0m  [1m[32mINSERT INTO "schema_migrations" ("version") VALUES (?)[0m  [["version", "20211012224831"]]
  [1m[36mTRANSACTION (100.0ms)[0m  [1m[36mcommit transaction[0m
Migrating to CreateInvoices (20211012224841)
  [1m[36mTRANSACTION (0.1ms)[0m  [1m[36mbegin transaction[0m
  [1m[35m (0.5ms)[0m  [1m[35mCREATE TABLE "invoices" ("id" integer PRIMARY KEY AUTOINCREMENT NOT NULL, "code_invoice" integer, "code_sale" integer, "date" date, "created_at" datetime(6) NOT NULL, "updated_at" datetime(6) NOT NULL)[0m
  [1m[36mActiveRecord::SchemaMigration Create (0.5ms)[0m  [1m[32mINSERT INTO "schema_migrations" ("version") VALUES (?)[0m  [["version", "20211012224841"]]
  [1m[36mTRANSACTION (78.6ms)[0m  [1m[36mcommit transaction[0m
Migrating to CreateInvoiceDetails (20211012224850)
  [1m[36mTRANSACTION (0.1ms)[0m  [1m[36mbegin transaction[0m
  [1m[35m (0.5ms)[0m  [1m[35mCREATE TABLE "invoice_details" ("id" integer PRIMARY KEY AUTOINCREMENT NOT NULL, "invoice_detail_code" integer, "code_invoice" integer, "description" varchar, "amount" integer, "unit_value" integer, "total_value" integer, "created_at" datetime(6) NOT NULL, "updated_at" datetime(6) NOT NULL)[0m
  [1m[36mActiveRecord::SchemaMigration Create (0.4ms)[0m  [1m[32mINSERT INTO "schema_migrations" ("version") VALUES (?)[0m  [["version", "20211012224850"]]
  [1m[36mTRANSACTION (79.7ms)[0m  [1m[36mcommit transaction[0m
Migrating to CreateOrders (20211012224903)
  [1m[36mTRANSACTION (0.1ms)[0m  [1m[36mbegin transaction[0m
  [1m[35m (2.7ms)[0m  [1m[35mCREATE TABLE "orders" ("id" integer PRIMARY KEY AUTOINCREMENT NOT NULL, "code_order" integer, "code_detail_order" integer, "code_customer" integer, "code_employee" integer, "code_product" integer, "date" date, "created_at" datetime(6) NOT NULL, "updated_at" datetime(6) NOT NULL)[0m
  [1m[36mActiveRecord::SchemaMigration Create (3.4ms)[0m  [1m[32mINSERT INTO "schema_migrations" ("version") VALUES (?)[0m  [["version", "20211012224903"]]
  [1m[36mTRANSACTION (353.5ms)[0m  [1m[36mcommit transaction[0m
Migrating to CreateDetailOrders (20211012224912)
  [1m[36mTRANSACTION (0.1ms)[0m  [1m[36mbegin transaction[0m
  [1m[35m (3.1ms)[0m  [1m[35mCREATE TABLE "detail_orders" ("id" integer PRIMARY KEY AUTOINCREMENT NOT NULL, "code_detail_order" integer, "code_order" integer, "product" varchar, "description" varchar, "unit_value" integer, "total_value" integer, "created_at" datetime(6) NOT NULL, "updated_at" datetime(6) NOT NULL)[0m
  [1m[36mActiveRecord::SchemaMigration Create (0.4ms)[0m  [1m[32mINSERT INTO "schema_migrations" ("version") VALUES (?)[0m  [["version", "20211012224912"]]
  [1m[36mTRANSACTION (76.5ms)[0m  [1m[36mcommit transaction[0m
Migrating to CreateProducts (20211012224922)
  [1m[36mTRANSACTION (0.1ms)[0m  [1m[36mbegin transaction[0m
  [1m[35m (0.4ms)[0m  [1m[35mCREATE TABLE "products" ("id" integer PRIMARY KEY AUTOINCREMENT NOT NULL, "code_product" integer, "name" varchar, "price" integer, "description" varchar, "characteristic" varchar, "mark" varchar, "kind" varchar, "discount" integer, "reference" varchar, "code_supplier" integer, "created_at" datetime(6) NOT NULL, "updated_at" datetime(6) NOT NULL)[0m
  [1m[36mActiveRecord::SchemaMigration Create (0.4ms)[0m  [1m[32mINSERT INTO "schema_migrations" ("version") VALUES (?)[0m  [["version", "20211012224922"]]
  [1m[36mTRANSACTION (125.7ms)[0m  [1m[36mcommit transaction[0m
Migrating to CreateSuppliers (20211012224929)
  [1m[36mTRANSACTION (0.1ms)[0m  [1m[36mbegin transaction[0m
  [1m[35m (0.7ms)[0m  [1m[35mCREATE TABLE "suppliers" ("id" integer PRIMARY KEY AUTOINCREMENT NOT NULL, "code_supplier" integer, "id_person" integer, "nit_company" integer, "name" varchar, "last_name" varchar, "kind" varchar, "sex" varchar, "email" varchar, "telephone" integer, "address" varchar, "created_at" datetime(6) NOT NULL, "updated_at" datetime(6) NOT NULL)[0m
  [1m[36mActiveRecord::SchemaMigration Create (0.4ms)[0m  [1m[32mINSERT INTO "schema_migrations" ("version") VALUES (?)[0m  [["version", "20211012224929"]]
  [1m[36mTRANSACTION (91.4ms)[0m  [1m[36mcommit transaction[0m
Migrating to CreateCategories (20211012224937)
  [1m[36mTRANSACTION (0.1ms)[0m  [1m[36mbegin transaction[0m
  [1m[35m (0.7ms)[0m  [1m[35mCREATE TABLE "categories" ("id" integer PRIMARY KEY AUTOINCREMENT NOT NULL, "person" varchar, "company" varchar, "created_at" datetime(6) NOT NULL, "updated_at" datetime(6) NOT NULL)[0m
  [1m[36mActiveRecord::SchemaMigration Create (1.2ms)[0m  [1m[32mINSERT INTO "schema_migrations" ("version") VALUES (?)[0m  [["version", "20211012224937"]]
  [1m[36mTRANSACTION (83.3ms)[0m  [1m[36mcommit transaction[0m
  [1m[36mActiveRecord::InternalMetadata Load (0.2ms)[0m  [1m[34mSELECT "ar_internal_metadata".* FROM "ar_internal_metadata" WHERE "ar_internal_metadata"."key" = ? LIMIT ?[0m  [["key", "environment"], ["LIMIT", 1]]
  [1m[36mTRANSACTION (0.1ms)[0m  [1m[36mbegin transaction[0m
  [1m[36mActiveRecord::InternalMetadata Create (0.3ms)[0m  [1m[32mINSERT INTO "ar_internal_metadata" ("key", "value", "created_at", "updated_at") VALUES (?, ?, ?, ?)[0m  [["key", "environment"], ["value", "development"], ["created_at", "2021-10-12 22:50:33.811199"], ["updated_at", "2021-10-12 22:50:33.811199"]]
  [1m[36mTRANSACTION (107.4ms)[0m  [1m[36mcommit transaction[0m
  [1m[35m (0.3ms)[0m  [1m[34mSELECT sqlite_version(*)[0m
  [1m[35m (0.2ms)[0m  [1m[34mSELECT "schema_migrations"."version" FROM "schema_migrations" ORDER BY "schema_migrations"."version" ASC[0m
  [1m[35m (0.6ms)[0m  [1m[34mSELECT sqlite_version(*)[0m
  [1m[35m (0.2ms)[0m  [1m[34mSELECT "schema_migrations"."version" FROM "schema_migrations" ORDER BY "schema_migrations"."version" ASC[0m
Migrating to AddDeviseToUsers (20211012225701)
  [1m[36mTRANSACTION (0.1ms)[0m  [1m[36mbegin transaction[0m
  [1m[35m (0.5ms)[0m  [1m[35mALTER TABLE "users" ADD "email" varchar DEFAULT '' NOT NULL[0m
  [1m[35m (0.3ms)[0m  [1m[35mALTER TABLE "users" ADD "encrypted_password" varchar DEFAULT '' NOT NULL[0m
  [1m[35m (0.3ms)[0m  [1m[35mALTER TABLE "users" ADD "reset_password_token" varchar[0m
  [1m[35m (0.3ms)[0m  [1m[35mALTER TABLE "users" ADD "reset_password_sent_at" datetime[0m
  [1m[35m (0.3ms)[0m  [1m[35mALTER TABLE "users" ADD "remember_created_at" datetime[0m
  [1m[35m (0.3ms)[0m  [1m[35mCREATE UNIQUE INDEX "index_users_on_email" ON "users" ("email")[0m
  [1m[35m (0.4ms)[0m  [1m[35mCREATE UNIQUE INDEX "index_users_on_reset_password_token" ON "users" ("reset_password_token")[0m
  [1m[36mActiveRecord::SchemaMigration Create (0.3ms)[0m  [1m[32mINSERT INTO "schema_migrations" ("version") VALUES (?)[0m  [["version", "20211012225701"]]
  [1m[36mTRANSACTION (119.7ms)[0m  [1m[36mcommit transaction[0m
  [1m[36mActiveRecord::InternalMetadata Load (0.2ms)[0m  [1m[34mSELECT "ar_internal_metadata".* FROM "ar_internal_metadata" WHERE "ar_internal_metadata"."key" = ? LIMIT ?[0m  [["key", "environment"], ["LIMIT", 1]]
  [1m[35m (0.1ms)[0m  [1m[34mSELECT sqlite_version(*)[0m
  [1m[35m (0.2ms)[0m  [1m[34mSELECT "schema_migrations"."version" FROM "schema_migrations" ORDER BY "schema_migrations"."version" ASC[0m
  [1m[35m (0.4ms)[0m  [1m[34mSELECT sqlite_version(*)[0m
  [1m[35m (0.1ms)[0m  [1m[34mSELECT "schema_migrations"."version" FROM "schema_migrations" ORDER BY "schema_migrations"."version" ASC[0m
  [1m[36mActiveRecord::InternalMetadata Load (0.2ms)[0m  [1m[34mSELECT "ar_internal_metadata".* FROM "ar_internal_metadata" WHERE "ar_internal_metadata"."key" = ? LIMIT ?[0m  [["key", "environment"], ["LIMIT", 1]]
  [1m[35m (0.1ms)[0m  [1m[34mSELECT sqlite_version(*)[0m
  [1m[35m (0.1ms)[0m  [1m[34mSELECT "schema_migrations"."version" FROM "schema_migrations" ORDER BY "schema_migrations"."version" ASC[0m
Started GET "/" for 127.0.0.1 at 2021-10-12 18:05:56 -0500
  
NoMethodError (undefined method `devise_for' for #<ActionDispatch::Routing::Mapper:0x000056519914a910 @set=#<ActionDispatch::Routing::RouteSet:0x00005651991b1930>, @draw_paths=[#<Pathname:/opt/lampp/htdocs/proyecto-formativo-2021-variedadesmary/backend/config/routes>], @scope=#<ActionDispatch::Routing::Mapper::Scope:0x000056519914a398 @hash={:path_names=>{:new=>"new", :edit=>"edit"}}, @parent=#<ActionDispatch::Routing::Mapper::Scope:0x00005651989b21f8 @hash=nil, @parent=nil, @scope_level=nil>, @scope_level=nil>, @concerns={}>):
  
config/routes.rb:2:in `block in <main>'
config/routes.rb:1:in `<main>'
Started GET "/" for 127.0.0.1 at 2021-10-12 18:06:01 -0500
  [1m[35m (0.1ms)[0m  [1m[34mSELECT sqlite_version(*)[0m
  [1m[35m (0.2ms)[0m  [1m[34mSELECT "schema_migrations"."version" FROM "schema_migrations" ORDER BY "schema_migrations"."version" ASC[0m
  
ActionController::RoutingError (No route matches [GET] "/"):
  
Started GET "/" for 127.0.0.1 at 2021-10-12 18:06:02 -0500
  
ActionController::RoutingError (No route matches [GET] "/"):
  
Started GET "/" for 127.0.0.1 at 2021-10-12 18:06:04 -0500
  
ActionController::RoutingError (No route matches [GET] "/"):
  
Started GET "/" for 127.0.0.1 at 2021-10-12 18:06:16 -0500
  
ActionController::RoutingError (No route matches [GET] "/"):
  
Started GET "/" for 127.0.0.1 at 2021-10-12 18:06:27 -0500
  [1m[35m (2.6ms)[0m  [1m[34mSELECT sqlite_version(*)[0m
  [1m[35m (1.1ms)[0m  [1m[34mSELECT "schema_migrations"."version" FROM "schema_migrations" ORDER BY "schema_migrations"."version" ASC[0m
Processing by HomeController#index as HTML
  Rendering layout layouts/application.html.erb
  Rendering home/index.html.erb within layouts/application
  Rendered home/index.html.erb within layouts/application (Duration: 0.9ms | Allocations: 357)
[Webpacker] Everything's up-to-date. Nothing to do
  Rendered layout layouts/application.html.erb (Duration: 12.9ms | Allocations: 6050)
Completed 200 OK in 24ms (Views: 17.0ms | ActiveRecord: 0.0ms | Allocations: 10292)


Started GET "/devise" for 127.0.0.1 at 2021-10-12 18:06:34 -0500
  
ActionController::RoutingError (No route matches [GET] "/devise"):
  
Started GET "/" for 127.0.0.1 at 2021-10-12 18:06:37 -0500
Processing by HomeController#index as HTML
  Rendering layout layouts/application.html.erb
  Rendering home/index.html.erb within layouts/application
  Rendered home/index.html.erb within layouts/application (Duration: 0.1ms | Allocations: 38)
[Webpacker] Everything's up-to-date. Nothing to do
  Rendered layout layouts/application.html.erb (Duration: 5.8ms | Allocations: 3045)
Completed 200 OK in 7ms (Views: 6.5ms | ActiveRecord: 0.0ms | Allocations: 3585)


Started GET "/" for 127.0.0.1 at 2021-10-12 18:11:42 -0500
Processing by HomeController#index as HTML
  Rendering layout layouts/application.html.erb
  Rendering home/index.html.erb within layouts/application
  Rendered home/index.html.erb within layouts/application (Duration: 0.4ms | Allocations: 142)
[Webpacker] Everything's up-to-date. Nothing to do
  Rendered layout layouts/application.html.erb (Duration: 43.3ms | Allocations: 7890)
Completed 500 Internal Server Error in 72ms (ActiveRecord: 0.0ms | Allocations: 9283)


  
ActionView::Template::Error (undefined local variable or method `products_path' for #<ActionView::Base:0x00000000008e30>):
    34:         </form>
    35: 
    36:         <li class="nav-item">
    37:           <a class="nav-link"  <%= link_to "Productos", products_path %> </a>
    38:         </li>
    39:         <li class="nav-item">
    40:           <a class="nav-link" <%= link_to "Proveedores", suppliers_path %> </a>
  
app/views/layouts/application.html.erb:37
Started GET "/" for 127.0.0.1 at 2021-10-12 18:12:02 -0500
Processing by HomeController#index as HTML
  Rendering layout layouts/application.html.erb
  Rendering home/index.html.erb within layouts/application
  Rendered home/index.html.erb within layouts/application (Duration: 0.4ms | Allocations: 140)
  Rendered layout layouts/application.html.erb (Duration: 2.4ms | Allocations: 1578)
Completed 500 Internal Server Error in 7ms (ActiveRecord: 0.0ms | Allocations: 3018)


  
ActionView::SyntaxErrorInTemplate (Encountered a syntax error while rendering template: check <!DOCTYPE html>
<html>
  <head>
    <title>Backend</title>
    <meta name="viewport" content="width=device-width,initial-scale=1">
    <%= csrf_meta_tags %>
    <%= csp_meta_tag %>

    <%= stylesheet_link_tag 'application', media: 'all', 'data-turbolinks-track': 'reload' %>
    <%= javascript_pack_tag 'application', 'data-turbolinks-track': 'reload' %>

    <link href="https://cdn.jsdelivr.net/npm/bootstrap@5.1.1/dist/css/bootstrap.min.css" rel="stylesheet" integrity="sha384-F3w7mX95PdgyTmZZMECAngseQB83DfGTowi0iMjiWaeVhAn4FJkqJByhZMI3AhiU" crossorigin="anonymous">
    <script src="https://cdn.jsdelivr.net/npm/bootstrap@5.1.1/dist/js/bootstrap.bundle.min.js" integrity="sha384-/bQdsTh/da6pkI1MST/rWKFNjaCP5gBSY4sEBT38Q/9RBh9AH40zEOg7Hlq2THRZ" crossorigin="anonymous"></script>

  </head>

  <body style="background: #282c34; color: white">
    <header>
      <nav>
        <nav class="navbar navbar-expand-lg navbar-light bg-light">
  <div class="container-fluid">
    <a class="navbar-brand" href="#">Menu</a>
    <button class="navbar-toggler" type="button" data-bs-toggle="collapse" data-bs-target="#navbarScroll" aria-controls="navbarScroll" aria-expanded="false" aria-label="Toggle navigation">
      <span class="navbar-toggler-icon"></span>
    </button>
    <div class="collapse navbar-collapse" id="navbarScroll">
      <ul class="navbar-nav me-auto my-2 my-lg-0 navbar-nav-scroll" style="--bs-scroll-height: 100px;">
        <li class="nav-item">
          <a class="nav-link active" aria-current="page" <%= link_to "Variedades Mary", root_path %></a>
        </li>
        <form class="d-flex">
          <input class="form-control me-2" type="search" placeholder="Buscar" aria-label="Search">
          <button class="btn btn-outline-success" type="submit">Buscar</button>
        </form>

        <li class="nav-item">
          <a class="nav-link"  <%= link_to "Productos",  %> </a>
        </li>
        <li class="nav-item">
          <a class="nav-link" <%= link_to "Proveedores", %> </a>
        </li>
        <li class="nav-item">
          <a class="nav-link" <%= link_to "PQR",  %> </a>
        </li>
        <li class="nav-item dropdown">
          <a class="nav-link dropdown-toggle" href="#" id="navbarScrollingDropdown" role="button" data-bs-toggle="dropdown" aria-expanded="false">
            PQR
          </a>
          <ul class="dropdown-menu" aria-labelledby="navbarScrollingDropdown">
            <li><a class="dropdown-item" <a class="nav-link" <%= link_to "Peticion" %></a></a></li>
            <li><a class="dropdown-item" <a class="nav-link" <%= link_to "Quejas" %> </a></li>
            <li><a class="dropdown-item" <%= link_to "Reclamos" %></a></li>
          </ul>
        </li>
        <li class="nav-item dropdown">
          <a class="nav-link dropdown-toggle" href="#" id="navbarScrollingDropdown" role="button" data-bs-toggle="dropdown" aria-expanded="false">
            Sesion
          </a>
          <ul class="dropdown-menu" aria-labelledby="navbarScrollingDropdown">
            <li><a class="dropdown-item" <a class="nav-link" <%= link_to "iniciar sesion", new_user_session_path %></a></a></li>
            <li><a class="dropdown-item" <a class="nav-link" <%= link_to "Registrase", new_user_registration_path %> </a></li>
            <li><hr class="dropdown-divider"></li>
            <li><a class="dropdown-item" <%= link_to "Cerrar sesion", destroy_user_session_path, method: :delete %></a></li>
          </ul>
        </li>


      </ul>

    </div>
  </div>
</nav>
    </header>
      <section>
        <%= yield %>
      </section>

    <footer>
      <h4>Contactos</h4>
      <p>Correo: variedadesmary@gmail.com</p>
    </footer>

  </body>
</html>

):
1:    <!DOCTYPE html>
2:    <html>
3:      <head>
4:        <title>Backend</title>
5:        <meta name="viewport" content="width=device-width,initial-scale=1">
6:        <%= csrf_meta_tags %>
7:        <%= csp_meta_tag %>
8:    
9:        <%= stylesheet_link_tag 'application', media: 'all', 'data-turbolinks-track': 'reload' %>
10:        <%= javascript_pack_tag 'application', 'data-turbolinks-track': 'reload' %>
11:    
12:        <link href="https://cdn.jsdelivr.net/npm/bootstrap@5.1.1/dist/css/bootstrap.min.css" rel="stylesheet" integrity="sha384-F3w7mX95PdgyTmZZMECAngseQB83DfGTowi0iMjiWaeVhAn4FJkqJByhZMI3AhiU" crossorigin="anonymous">
13:        <script src="https://cdn.jsdelivr.net/npm/bootstrap@5.1.1/dist/js/bootstrap.bundle.min.js" integrity="sha384-/bQdsTh/da6pkI1MST/rWKFNjaCP5gBSY4sEBT38Q/9RBh9AH40zEOg7Hlq2THRZ" crossorigin="anonymous"></script>
14:    
15:      </head>
16:    
17:      <body style="background: #282c34; color: white">
18:        <header>
19:          <nav>
20:            <nav class="navbar navbar-expand-lg navbar-light bg-light">
21:      <div class="container-fluid">
22:        <a class="navbar-brand" href="#">Menu</a>
23:        <button class="navbar-toggler" type="button" data-bs-toggle="collapse" data-bs-target="#navbarScroll" aria-controls="navbarScroll" aria-expanded="false" aria-label="Toggle navigation">
24:          <span class="navbar-toggler-icon"></span>
25:        </button>
26:        <div class="collapse navbar-collapse" id="navbarScroll">
27:          <ul class="navbar-nav me-auto my-2 my-lg-0 navbar-nav-scroll" style="--bs-scroll-height: 100px;">
28:            <li class="nav-item">
29:              <a class="nav-link active" aria-current="page" <%= link_to "Variedades Mary", root_path %></a>
30:            </li>
31:            <form class="d-flex">
32:              <input class="form-control me-2" type="search" placeholder="Buscar" aria-label="Search">
33:              <button class="btn btn-outline-success" type="submit">Buscar</button>
34:            </form>
35:    
36:            <li class="nav-item">
37:              <a class="nav-link"  <%= link_to "Productos",  %> </a>
38:            </li>
39:            <li class="nav-item">
40:              <a class="nav-link" <%= link_to "Proveedores", %> </a>
41:            </li>
42:            <li class="nav-item">
43:              <a class="nav-link" <%= link_to "PQR",  %> </a>
44:            </li>
45:            <li class="nav-item dropdown">
46:              <a class="nav-link dropdown-toggle" href="#" id="navbarScrollingDropdown" role="button" data-bs-toggle="dropdown" aria-expanded="false">
47:                PQR
48:              </a>
49:              <ul class="dropdown-menu" aria-labelledby="navbarScrollingDropdown">
50:                <li><a class="dropdown-item" <a class="nav-link" <%= link_to "Peticion" %></a></a></li>
51:                <li><a class="dropdown-item" <a class="nav-link" <%= link_to "Quejas" %> </a></li>
52:                <li><a class="dropdown-item" <%= link_to "Reclamos" %></a></li>
53:              </ul>
54:            </li>
55:            <li class="nav-item dropdown">
56:              <a class="nav-link dropdown-toggle" href="#" id="navbarScrollingDropdown" role="button" data-bs-toggle="dropdown" aria-expanded="false">
57:                Sesion
58:              </a>
59:              <ul class="dropdown-menu" aria-labelledby="navbarScrollingDropdown">
60:                <li><a class="dropdown-item" <a class="nav-link" <%= link_to "iniciar sesion", new_user_session_path %></a></a></li>
61:                <li><a class="dropdown-item" <a class="nav-link" <%= link_to "Registrase", new_user_registration_path %> </a></li>
62:                <li><hr class="dropdown-divider"></li>
63:                <li><a class="dropdown-item" <%= link_to "Cerrar sesion", destroy_user_session_path, method: :delete %></a></li>
64:              </ul>
65:            </li>
66:    
67:    
68:          </ul>
69:    
70:        </div>
71:      </div>
72:    </nav>
73:        </header>
74:          <section>
75:            <%= yield %>
76:          </section>
77:    
78:        <footer>
79:          <h4>Contactos</h4>
80:          <p>Correo: variedadesmary@gmail.com</p>
81:        </footer>
82:    
83:      </body>
84:    </html>
  
app/views/layouts/application.html.erb:37: syntax error, unexpected ')'
app/views/layouts/application.html.erb:40: syntax error, unexpected ')'
app/views/layouts/application.html.erb:43: syntax error, unexpected ')'
app/views/layouts/application.html.erb:87: syntax error, unexpected `end', expecting ')'
app/views/layouts/application.html.erb:37: syntax error, unexpected ')'
app/views/layouts/application.html.erb:40: syntax error, unexpected ')'
app/views/layouts/application.html.erb:43: syntax error, unexpected ')'
app/views/layouts/application.html.erb:87: syntax error, unexpected `end', expecting ')'
app/views/layouts/application.html.erb:37: syntax error, unexpected ')'
app/views/layouts/application.html.erb:40: syntax error, unexpected ')'
app/views/layouts/application.html.erb:43: syntax error, unexpected ')'
app/views/layouts/application.html.erb:87: syntax error, unexpected `end', expecting ')'
app/views/layouts/application.html.erb:37: syntax error, unexpected ')'
app/views/layouts/application.html.erb:40: syntax error, unexpected ')'
app/views/layouts/application.html.erb:43: syntax error, unexpected ')'
app/views/layouts/application.html.erb:87: syntax error, unexpected `end', expecting ')'
app/views/layouts/application.html.erb:37: syntax error, unexpected ')'
app/views/layouts/application.html.erb:40: syntax error, unexpected ')'
app/views/layouts/application.html.erb:43: syntax error, unexpected ')'
app/views/layouts/application.html.erb:87: syntax error, unexpected `end', expecting ')'
app/views/layouts/application.html.erb:37: syntax error, unexpected ')'
app/views/layouts/application.html.erb:40: syntax error, unexpected ')'
app/views/layouts/application.html.erb:43: syntax error, unexpected ')'
app/views/layouts/application.html.erb:87: syntax error, unexpected `end', expecting ')'
Started GET "/" for 127.0.0.1 at 2021-10-12 18:12:45 -0500
Processing by HomeController#index as HTML
  Rendering layout layouts/application.html.erb
  Rendering home/index.html.erb within layouts/application
  Rendered home/index.html.erb within layouts/application (Duration: 0.1ms | Allocations: 57)
  Rendered layout layouts/application.html.erb (Duration: 2.2ms | Allocations: 1464)
Completed 500 Internal Server Error in 4ms (Allocations: 2200)


  
ActionView::SyntaxErrorInTemplate (Encountered a syntax error while rendering template: check <!DOCTYPE html>
<html>
  <head>
    <title>Backend</title>
    <meta name="viewport" content="width=device-width,initial-scale=1">
    <%= csrf_meta_tags %>
    <%= csp_meta_tag %>

    <%= stylesheet_link_tag 'application', media: 'all', 'data-turbolinks-track': 'reload' %>
    <%= javascript_pack_tag 'application', 'data-turbolinks-track': 'reload' %>

    <link href="https://cdn.jsdelivr.net/npm/bootstrap@5.1.1/dist/css/bootstrap.min.css" rel="stylesheet" integrity="sha384-F3w7mX95PdgyTmZZMECAngseQB83DfGTowi0iMjiWaeVhAn4FJkqJByhZMI3AhiU" crossorigin="anonymous">
    <script src="https://cdn.jsdelivr.net/npm/bootstrap@5.1.1/dist/js/bootstrap.bundle.min.js" integrity="sha384-/bQdsTh/da6pkI1MST/rWKFNjaCP5gBSY4sEBT38Q/9RBh9AH40zEOg7Hlq2THRZ" crossorigin="anonymous"></script>

  </head>

  <body style="background: #282c34; color: white">
    <header>
      <nav>
        <nav class="navbar navbar-expand-lg navbar-light bg-light">
  <div class="container-fluid">
    <a class="navbar-brand" href="#">Menu</a>
    <button class="navbar-toggler" type="button" data-bs-toggle="collapse" data-bs-target="#navbarScroll" aria-controls="navbarScroll" aria-expanded="false" aria-label="Toggle navigation">
      <span class="navbar-toggler-icon"></span>
    </button>
    <div class="collapse navbar-collapse" id="navbarScroll">
      <ul class="navbar-nav me-auto my-2 my-lg-0 navbar-nav-scroll" style="--bs-scroll-height: 100px;">
        <li class="nav-item">
          <a class="nav-link active" aria-current="page" <%= link_to "Variedades Mary", root_path %></a>
        </li>
        <form class="d-flex">
          <input class="form-control me-2" type="search" placeholder="Buscar" aria-label="Search">
          <button class="btn btn-outline-success" type="submit">Buscar</button>
        </form>

        <li class="nav-item">
          <a class="nav-link"  <%= link_to "Productos",  %> </a>
        </li>
        <li class="nav-item">
          <a class="nav-link" <%= link_to "Proveedores", %> </a>
        </li>
        <li class="nav-item">
          <a class="nav-link" <%= link_to "PQR",  %> </a>
        </li>
        <li class="nav-item dropdown">
          <a class="nav-link dropdown-toggle" href="#" id="navbarScrollingDropdown" role="button" data-bs-toggle="dropdown" aria-expanded="false">
            PQR
          </a>
          <ul class="dropdown-menu" aria-labelledby="navbarScrollingDropdown">
            <li><a class="dropdown-item" <a class="nav-link" <%= link_to "Peticion" %></a></a></li>
            <li><a class="dropdown-item" <a class="nav-link" <%= link_to "Quejas" %> </a></li>
            <li><a class="dropdown-item" <%= link_to "Reclamos" %></a></li>
          </ul>
        </li>
        <li class="nav-item dropdown">
          <a class="nav-link dropdown-toggle" href="#" id="navbarScrollingDropdown" role="button" data-bs-toggle="dropdown" aria-expanded="false">
            Sesion
          </a>
          <ul class="dropdown-menu" aria-labelledby="navbarScrollingDropdown">
            <li><a class="dropdown-item" <a class="nav-link" <%= link_to "iniciar sesion", new_user_session_path %></a></a></li>
            <li><a class="dropdown-item" <a class="nav-link" <%= link_to "Registrase", new_user_registration_path %> </a></li>
            <li><hr class="dropdown-divider"></li>
            <li><a class="dropdown-item" <%= link_to "Cerrar sesion", destroy_user_session_path, method: :delete %></a></li>
          </ul>
        </li>


      </ul>

    </div>
  </div>
</nav>
    </header>
      <section>
        <%= yield %>
      </section>

    <footer>
      <h4>Contactos</h4>
      <p>Correo: variedadesmary@gmail.com</p>
    </footer>

  </body>
</html>

):
1:    <!DOCTYPE html>
2:    <html>
3:      <head>
4:        <title>Backend</title>
5:        <meta name="viewport" content="width=device-width,initial-scale=1">
6:        <%= csrf_meta_tags %>
7:        <%= csp_meta_tag %>
8:    
9:        <%= stylesheet_link_tag 'application', media: 'all', 'data-turbolinks-track': 'reload' %>
10:        <%= javascript_pack_tag 'application', 'data-turbolinks-track': 'reload' %>
11:    
12:        <link href="https://cdn.jsdelivr.net/npm/bootstrap@5.1.1/dist/css/bootstrap.min.css" rel="stylesheet" integrity="sha384-F3w7mX95PdgyTmZZMECAngseQB83DfGTowi0iMjiWaeVhAn4FJkqJByhZMI3AhiU" crossorigin="anonymous">
13:        <script src="https://cdn.jsdelivr.net/npm/bootstrap@5.1.1/dist/js/bootstrap.bundle.min.js" integrity="sha384-/bQdsTh/da6pkI1MST/rWKFNjaCP5gBSY4sEBT38Q/9RBh9AH40zEOg7Hlq2THRZ" crossorigin="anonymous"></script>
14:    
15:      </head>
16:    
17:      <body style="background: #282c34; color: white">
18:        <header>
19:          <nav>
20:            <nav class="navbar navbar-expand-lg navbar-light bg-light">
21:      <div class="container-fluid">
22:        <a class="navbar-brand" href="#">Menu</a>
23:        <button class="navbar-toggler" type="button" data-bs-toggle="collapse" data-bs-target="#navbarScroll" aria-controls="navbarScroll" aria-expanded="false" aria-label="Toggle navigation">
24:          <span class="navbar-toggler-icon"></span>
25:        </button>
26:        <div class="collapse navbar-collapse" id="navbarScroll">
27:          <ul class="navbar-nav me-auto my-2 my-lg-0 navbar-nav-scroll" style="--bs-scroll-height: 100px;">
28:            <li class="nav-item">
29:              <a class="nav-link active" aria-current="page" <%= link_to "Variedades Mary", root_path %></a>
30:            </li>
31:            <form class="d-flex">
32:              <input class="form-control me-2" type="search" placeholder="Buscar" aria-label="Search">
33:              <button class="btn btn-outline-success" type="submit">Buscar</button>
34:            </form>
35:    
36:            <li class="nav-item">
37:              <a class="nav-link"  <%= link_to "Productos",  %> </a>
38:            </li>
39:            <li class="nav-item">
40:              <a class="nav-link" <%= link_to "Proveedores", %> </a>
41:            </li>
42:            <li class="nav-item">
43:              <a class="nav-link" <%= link_to "PQR",  %> </a>
44:            </li>
45:            <li class="nav-item dropdown">
46:              <a class="nav-link dropdown-toggle" href="#" id="navbarScrollingDropdown" role="button" data-bs-toggle="dropdown" aria-expanded="false">
47:                PQR
48:              </a>
49:              <ul class="dropdown-menu" aria-labelledby="navbarScrollingDropdown">
50:                <li><a class="dropdown-item" <a class="nav-link" <%= link_to "Peticion" %></a></a></li>
51:                <li><a class="dropdown-item" <a class="nav-link" <%= link_to "Quejas" %> </a></li>
52:                <li><a class="dropdown-item" <%= link_to "Reclamos" %></a></li>
53:              </ul>
54:            </li>
55:            <li class="nav-item dropdown">
56:              <a class="nav-link dropdown-toggle" href="#" id="navbarScrollingDropdown" role="button" data-bs-toggle="dropdown" aria-expanded="false">
57:                Sesion
58:              </a>
59:              <ul class="dropdown-menu" aria-labelledby="navbarScrollingDropdown">
60:                <li><a class="dropdown-item" <a class="nav-link" <%= link_to "iniciar sesion", new_user_session_path %></a></a></li>
61:                <li><a class="dropdown-item" <a class="nav-link" <%= link_to "Registrase", new_user_registration_path %> </a></li>
62:                <li><hr class="dropdown-divider"></li>
63:                <li><a class="dropdown-item" <%= link_to "Cerrar sesion", destroy_user_session_path, method: :delete %></a></li>
64:              </ul>
65:            </li>
66:    
67:    
68:          </ul>
69:    
70:        </div>
71:      </div>
72:    </nav>
73:        </header>
74:          <section>
75:            <%= yield %>
76:          </section>
77:    
78:        <footer>
79:          <h4>Contactos</h4>
80:          <p>Correo: variedadesmary@gmail.com</p>
81:        </footer>
82:    
83:      </body>
84:    </html>
  
app/views/layouts/application.html.erb:37: syntax error, unexpected ')'
app/views/layouts/application.html.erb:40: syntax error, unexpected ')'
app/views/layouts/application.html.erb:43: syntax error, unexpected ')'
app/views/layouts/application.html.erb:87: syntax error, unexpected `end', expecting ')'
app/views/layouts/application.html.erb:37: syntax error, unexpected ')'
app/views/layouts/application.html.erb:40: syntax error, unexpected ')'
app/views/layouts/application.html.erb:43: syntax error, unexpected ')'
app/views/layouts/application.html.erb:87: syntax error, unexpected `end', expecting ')'
app/views/layouts/application.html.erb:37: syntax error, unexpected ')'
app/views/layouts/application.html.erb:40: syntax error, unexpected ')'
app/views/layouts/application.html.erb:43: syntax error, unexpected ')'
app/views/layouts/application.html.erb:87: syntax error, unexpected `end', expecting ')'
app/views/layouts/application.html.erb:37: syntax error, unexpected ')'
app/views/layouts/application.html.erb:40: syntax error, unexpected ')'
app/views/layouts/application.html.erb:43: syntax error, unexpected ')'
app/views/layouts/application.html.erb:87: syntax error, unexpected `end', expecting ')'
app/views/layouts/application.html.erb:37: syntax error, unexpected ')'
app/views/layouts/application.html.erb:40: syntax error, unexpected ')'
app/views/layouts/application.html.erb:43: syntax error, unexpected ')'
app/views/layouts/application.html.erb:87: syntax error, unexpected `end', expecting ')'
app/views/layouts/application.html.erb:37: syntax error, unexpected ')'
app/views/layouts/application.html.erb:40: syntax error, unexpected ')'
app/views/layouts/application.html.erb:43: syntax error, unexpected ')'
app/views/layouts/application.html.erb:87: syntax error, unexpected `end', expecting ')'
Started GET "/" for 127.0.0.1 at 2021-10-12 18:12:56 -0500
Processing by HomeController#index as HTML
  Rendering layout layouts/application.html.erb
  Rendering home/index.html.erb within layouts/application
  Rendered home/index.html.erb within layouts/application (Duration: 0.4ms | Allocations: 140)
[Webpacker] Everything's up-to-date. Nothing to do
  Rendered layout layouts/application.html.erb (Duration: 7.7ms | Allocations: 4654)
Completed 200 OK in 12ms (Views: 11.0ms | Allocations: 6121)


Started GET "/home/index" for 127.0.0.1 at 2021-10-12 18:12:58 -0500
Processing by HomeController#index as HTML
  Rendering layout layouts/application.html.erb
  Rendering home/index.html.erb within layouts/application
  Rendered home/index.html.erb within layouts/application (Duration: 0.1ms | Allocations: 38)
[Webpacker] Everything's up-to-date. Nothing to do
  Rendered layout layouts/application.html.erb (Duration: 7.7ms | Allocations: 3957)
Completed 200 OK in 9ms (Views: 8.3ms | Allocations: 4450)


Started GET "/home/index" for 127.0.0.1 at 2021-10-12 18:12:59 -0500
Processing by HomeController#index as HTML
  Rendering layout layouts/application.html.erb
  Rendering home/index.html.erb within layouts/application
  Rendered home/index.html.erb within layouts/application (Duration: 0.1ms | Allocations: 38)
[Webpacker] Everything's up-to-date. Nothing to do
  Rendered layout layouts/application.html.erb (Duration: 6.7ms | Allocations: 3358)
Completed 200 OK in 8ms (Views: 7.3ms | Allocations: 3804)


Started GET "/users/sign_in" for 127.0.0.1 at 2021-10-12 18:13:01 -0500
Processing by Devise::SessionsController#new as HTML
  [1m[35m (0.1ms)[0m  [1m[34mSELECT sqlite_version(*)[0m
  Rendering layout layouts/application.html.erb
  Rendering devise/sessions/new.html.erb within layouts/application
  Rendered devise/shared/_links.html.erb (Duration: 1.0ms | Allocations: 683)
  Rendered devise/sessions/new.html.erb within layouts/application (Duration: 138.5ms | Allocations: 8656)
[Webpacker] Everything's up-to-date. Nothing to do
  Rendered layout layouts/application.html.erb (Duration: 143.3ms | Allocations: 12178)
Completed 200 OK in 163ms (Views: 146.2ms | ActiveRecord: 1.2ms | Allocations: 23236)


Started GET "/users/sign_up" for 127.0.0.1 at 2021-10-12 18:13:03 -0500
Processing by Devise::RegistrationsController#new as HTML
  Rendering layout layouts/application.html.erb
  Rendering devise/registrations/new.html.erb within layouts/application
  Rendered devise/shared/_error_messages.html.erb (Duration: 0.8ms | Allocations: 237)
  Rendered devise/shared/_links.html.erb (Duration: 0.5ms | Allocations: 157)
  Rendered devise/registrations/new.html.erb within layouts/application (Duration: 4.7ms | Allocations: 2027)
[Webpacker] Everything's up-to-date. Nothing to do
  Rendered layout layouts/application.html.erb (Duration: 13.5ms | Allocations: 5549)
Completed 200 OK in 19ms (Views: 16.8ms | ActiveRecord: 0.0ms | Allocations: 7115)


Started DELETE "/users/sign_out" for 127.0.0.1 at 2021-10-12 18:13:04 -0500
Processing by Devise::SessionsController#destroy as HTML
  Parameters: {"authenticity_token"=>"[FILTERED]"}
Redirected to http://127.0.0.1:3000/
Filter chain halted as :verify_signed_out_user rendered or redirected
Completed 302 Found in 2ms (ActiveRecord: 0.0ms | Allocations: 531)


Started GET "/" for 127.0.0.1 at 2021-10-12 18:13:04 -0500
Processing by HomeController#index as HTML
  Rendering layout layouts/application.html.erb
  Rendering home/index.html.erb within layouts/application
  Rendered home/index.html.erb within layouts/application (Duration: 0.1ms | Allocations: 38)
[Webpacker] Everything's up-to-date. Nothing to do
  Rendered layout layouts/application.html.erb (Duration: 5.0ms | Allocations: 3356)
Completed 200 OK in 6ms (Views: 5.5ms | ActiveRecord: 0.0ms | Allocations: 3825)


Started GET "/users/sign_in" for 127.0.0.1 at 2021-10-12 18:13:06 -0500
Processing by Devise::SessionsController#new as HTML
  Rendering layout layouts/application.html.erb
  Rendering devise/sessions/new.html.erb within layouts/application
  Rendered devise/shared/_links.html.erb (Duration: 0.9ms | Allocations: 154)
  Rendered devise/sessions/new.html.erb within layouts/application (Duration: 6.2ms | Allocations: 1454)
[Webpacker] Everything's up-to-date. Nothing to do
  Rendered layout layouts/application.html.erb (Duration: 14.9ms | Allocations: 4932)
Completed 200 OK in 17ms (Views: 15.7ms | ActiveRecord: 0.0ms | Allocations: 5657)


Started GET "/users/sign_up" for 127.0.0.1 at 2021-10-12 18:13:07 -0500
Processing by Devise::RegistrationsController#new as HTML
  Rendering layout layouts/application.html.erb
  Rendering devise/registrations/new.html.erb within layouts/application
  Rendered devise/shared/_error_messages.html.erb (Duration: 0.1ms | Allocations: 44)
  Rendered devise/shared/_links.html.erb (Duration: 0.3ms | Allocations: 106)
  Rendered devise/registrations/new.html.erb within layouts/application (Duration: 4.3ms | Allocations: 1520)
[Webpacker] Everything's up-to-date. Nothing to do
  Rendered layout layouts/application.html.erb (Duration: 21.4ms | Allocations: 4993)
Completed 200 OK in 23ms (Views: 22.1ms | ActiveRecord: 0.0ms | Allocations: 5610)


Started GET "/users/sign_in" for 127.0.0.1 at 2021-10-12 18:13:08 -0500
Processing by Devise::SessionsController#new as HTML
  Rendering layout layouts/application.html.erb
  Rendering devise/sessions/new.html.erb within layouts/application
  Rendered devise/shared/_links.html.erb (Duration: 0.5ms | Allocations: 154)
  Rendered devise/sessions/new.html.erb within layouts/application (Duration: 3.1ms | Allocations: 1017)
[Webpacker] Everything's up-to-date. Nothing to do
  Rendered layout layouts/application.html.erb (Duration: 15.4ms | Allocations: 4945)
Completed 200 OK in 18ms (Views: 16.4ms | ActiveRecord: 0.0ms | Allocations: 5629)


Started GET "/users/sign_in" for 127.0.0.1 at 2021-10-12 18:13:09 -0500
Processing by Devise::SessionsController#new as HTML
  Rendering layout layouts/application.html.erb
  Rendering devise/sessions/new.html.erb within layouts/application
  Rendered devise/shared/_links.html.erb (Duration: 0.4ms | Allocations: 154)
  Rendered devise/sessions/new.html.erb within layouts/application (Duration: 3.2ms | Allocations: 1017)
[Webpacker] Everything's up-to-date. Nothing to do
  Rendered layout layouts/application.html.erb (Duration: 14.7ms | Allocations: 4335)
Completed 200 OK in 17ms (Views: 15.6ms | ActiveRecord: 0.0ms | Allocations: 5019)


Started GET "/users/sign_up" for 127.0.0.1 at 2021-10-12 18:13:10 -0500
Processing by Devise::RegistrationsController#new as HTML
  Rendering layout layouts/application.html.erb
  Rendering devise/registrations/new.html.erb within layouts/application
  Rendered devise/shared/_error_messages.html.erb (Duration: 0.1ms | Allocations: 44)
  Rendered devise/shared/_links.html.erb (Duration: 0.4ms | Allocations: 106)
  Rendered devise/registrations/new.html.erb within layouts/application (Duration: 3.5ms | Allocations: 1069)
[Webpacker] Everything's up-to-date. Nothing to do
  Rendered layout layouts/application.html.erb (Duration: 13.6ms | Allocations: 4984)
Completed 200 OK in 15ms (Views: 14.4ms | ActiveRecord: 0.0ms | Allocations: 5599)


Started DELETE "/users/sign_out" for 127.0.0.1 at 2021-10-12 18:13:12 -0500
Processing by Devise::SessionsController#destroy as HTML
  Parameters: {"authenticity_token"=>"[FILTERED]"}
Redirected to http://127.0.0.1:3000/
Filter chain halted as :verify_signed_out_user rendered or redirected
Completed 302 Found in 1ms (ActiveRecord: 0.0ms | Allocations: 403)


Started GET "/" for 127.0.0.1 at 2021-10-12 18:13:12 -0500
Processing by HomeController#index as HTML
  Rendering layout layouts/application.html.erb
  Rendering home/index.html.erb within layouts/application
  Rendered home/index.html.erb within layouts/application (Duration: 0.1ms | Allocations: 38)
[Webpacker] Everything's up-to-date. Nothing to do
  Rendered layout layouts/application.html.erb (Duration: 5.0ms | Allocations: 3367)
Completed 200 OK in 6ms (Views: 5.6ms | ActiveRecord: 0.0ms | Allocations: 3821)


Started GET "/home/index" for 127.0.0.1 at 2021-10-12 18:13:13 -0500
Processing by HomeController#index as HTML
  Rendering layout layouts/application.html.erb
  Rendering home/index.html.erb within layouts/application
  Rendered home/index.html.erb within layouts/application (Duration: 0.1ms | Allocations: 38)
[Webpacker] Everything's up-to-date. Nothing to do
  Rendered layout layouts/application.html.erb (Duration: 7.9ms | Allocations: 3965)
Completed 200 OK in 10ms (Views: 8.8ms | ActiveRecord: 0.0ms | Allocations: 4422)


Started GET "/home/index" for 127.0.0.1 at 2021-10-12 18:13:14 -0500
Processing by HomeController#index as HTML
  Rendering layout layouts/application.html.erb
  Rendering home/index.html.erb within layouts/application
  Rendered home/index.html.erb within layouts/application (Duration: 0.1ms | Allocations: 38)
[Webpacker] Everything's up-to-date. Nothing to do
  Rendered layout layouts/application.html.erb (Duration: 5.2ms | Allocations: 3356)
Completed 200 OK in 6ms (Views: 5.8ms | ActiveRecord: 0.0ms | Allocations: 3813)


Started GET "/home/index" for 127.0.0.1 at 2021-10-12 18:13:14 -0500
Processing by HomeController#index as HTML
  Rendering layout layouts/application.html.erb
  Rendering home/index.html.erb within layouts/application
  Rendered home/index.html.erb within layouts/application (Duration: 0.1ms | Allocations: 38)
[Webpacker] Everything's up-to-date. Nothing to do
  Rendered layout layouts/application.html.erb (Duration: 7.1ms | Allocations: 3356)
Completed 200 OK in 9ms (Views: 7.8ms | ActiveRecord: 0.0ms | Allocations: 3813)


Started GET "/home/index" for 127.0.0.1 at 2021-10-12 18:13:15 -0500
Processing by HomeController#index as HTML
  Rendering layout layouts/application.html.erb
  Rendering home/index.html.erb within layouts/application
  Rendered home/index.html.erb within layouts/application (Duration: 0.1ms | Allocations: 38)
[Webpacker] Everything's up-to-date. Nothing to do
  Rendered layout layouts/application.html.erb (Duration: 7.4ms | Allocations: 3356)
Completed 200 OK in 10ms (Views: 8.6ms | ActiveRecord: 0.0ms | Allocations: 3813)


Started GET "/" for 127.0.0.1 at 2021-10-12 18:13:16 -0500
Processing by HomeController#index as HTML
  Rendering layout layouts/application.html.erb
  Rendering home/index.html.erb within layouts/application
  Rendered home/index.html.erb within layouts/application (Duration: 0.1ms | Allocations: 38)
[Webpacker] Everything's up-to-date. Nothing to do
  Rendered layout layouts/application.html.erb (Duration: 8.6ms | Allocations: 3356)
Completed 200 OK in 11ms (Views: 9.6ms | ActiveRecord: 0.0ms | Allocations: 3813)


Started GET "/" for 127.0.0.1 at 2021-10-12 18:13:17 -0500
Processing by HomeController#index as HTML
  Rendering layout layouts/application.html.erb
  Rendering home/index.html.erb within layouts/application
  Rendered home/index.html.erb within layouts/application (Duration: 0.1ms | Allocations: 38)
[Webpacker] Everything's up-to-date. Nothing to do
  Rendered layout layouts/application.html.erb (Duration: 8.5ms | Allocations: 3953)
Completed 200 OK in 10ms (Views: 9.2ms | ActiveRecord: 0.0ms | Allocations: 4410)


Started GET "/" for 127.0.0.1 at 2021-10-12 18:13:17 -0500
Processing by HomeController#index as HTML
  Rendering layout layouts/application.html.erb
  Rendering home/index.html.erb within layouts/application
  Rendered home/index.html.erb within layouts/application (Duration: 0.1ms | Allocations: 38)
[Webpacker] Everything's up-to-date. Nothing to do
  Rendered layout layouts/application.html.erb (Duration: 6.9ms | Allocations: 3356)
Completed 200 OK in 9ms (Views: 7.7ms | ActiveRecord: 0.0ms | Allocations: 3813)


Started GET "/" for 127.0.0.1 at 2021-10-12 18:13:18 -0500
Processing by HomeController#index as HTML
  Rendering layout layouts/application.html.erb
  Rendering home/index.html.erb within layouts/application
  Rendered home/index.html.erb within layouts/application (Duration: 0.1ms | Allocations: 38)
[Webpacker] Everything's up-to-date. Nothing to do
  Rendered layout layouts/application.html.erb (Duration: 6.8ms | Allocations: 3356)
Completed 200 OK in 8ms (Views: 7.6ms | ActiveRecord: 0.0ms | Allocations: 3813)


Started GET "/" for 127.0.0.1 at 2021-10-12 18:13:48 -0500
Processing by HomeController#index as HTML
  Rendering layout layouts/application.html.erb
  Rendering home/index.html.erb within layouts/application
  Rendered home/index.html.erb within layouts/application (Duration: 0.1ms | Allocations: 38)
[Webpacker] Everything's up-to-date. Nothing to do
  Rendered layout layouts/application.html.erb (Duration: 7.3ms | Allocations: 3356)
Completed 200 OK in 9ms (Views: 8.1ms | ActiveRecord: 0.0ms | Allocations: 3813)


Started GET "/home/index" for 127.0.0.1 at 2021-10-12 18:13:49 -0500
Processing by HomeController#index as HTML
  Rendering layout layouts/application.html.erb
  Rendering home/index.html.erb within layouts/application
  Rendered home/index.html.erb within layouts/application (Duration: 0.1ms | Allocations: 38)
[Webpacker] Everything's up-to-date. Nothing to do
  Rendered layout layouts/application.html.erb (Duration: 7.6ms | Allocations: 3356)
Completed 200 OK in 9ms (Views: 8.5ms | ActiveRecord: 0.0ms | Allocations: 3822)


Started GET "/home/index" for 127.0.0.1 at 2021-10-12 18:13:50 -0500
Processing by HomeController#index as HTML
  Rendering layout layouts/application.html.erb
  Rendering home/index.html.erb within layouts/application
  Rendered home/index.html.erb within layouts/application (Duration: 0.1ms | Allocations: 38)
[Webpacker] Everything's up-to-date. Nothing to do
  Rendered layout layouts/application.html.erb (Duration: 8.3ms | Allocations: 3364)
Completed 200 OK in 10ms (Views: 9.3ms | ActiveRecord: 0.0ms | Allocations: 3822)


Started GET "/" for 127.0.0.1 at 2021-10-12 18:13:51 -0500
Processing by HomeController#index as HTML
  Rendering layout layouts/application.html.erb
  Rendering home/index.html.erb within layouts/application
  Rendered home/index.html.erb within layouts/application (Duration: 0.1ms | Allocations: 38)
[Webpacker] Everything's up-to-date. Nothing to do
  Rendered layout layouts/application.html.erb (Duration: 7.2ms | Allocations: 3364)
Completed 200 OK in 9ms (Views: 8.1ms | ActiveRecord: 0.0ms | Allocations: 3852)


Started GET "/" for 127.0.0.1 at 2021-10-12 18:13:52 -0500
Processing by HomeController#index as HTML
  Rendering layout layouts/application.html.erb
  Rendering home/index.html.erb within layouts/application
  Rendered home/index.html.erb within layouts/application (Duration: 0.1ms | Allocations: 38)
[Webpacker] Everything's up-to-date. Nothing to do
  Rendered layout layouts/application.html.erb (Duration: 7.7ms | Allocations: 3356)
Completed 200 OK in 9ms (Views: 8.4ms | ActiveRecord: 0.0ms | Allocations: 3814)


Started GET "/" for 127.0.0.1 at 2021-10-12 18:13:52 -0500
Processing by HomeController#index as HTML
  Rendering layout layouts/application.html.erb
  Rendering home/index.html.erb within layouts/application
  Rendered home/index.html.erb within layouts/application (Duration: 0.1ms | Allocations: 38)
[Webpacker] Everything's up-to-date. Nothing to do
  Rendered layout layouts/application.html.erb (Duration: 6.8ms | Allocations: 3356)
Completed 200 OK in 8ms (Views: 7.7ms | ActiveRecord: 0.0ms | Allocations: 3813)


Started GET "/" for 127.0.0.1 at 2021-10-12 18:13:53 -0500
Processing by HomeController#index as HTML
  Rendering layout layouts/application.html.erb
  Rendering home/index.html.erb within layouts/application
  Rendered home/index.html.erb within layouts/application (Duration: 0.1ms | Allocations: 38)
[Webpacker] Everything's up-to-date. Nothing to do
  Rendered layout layouts/application.html.erb (Duration: 8.5ms | Allocations: 3356)
Completed 200 OK in 10ms (Views: 9.3ms | ActiveRecord: 0.0ms | Allocations: 3813)


Started GET "/home/index" for 127.0.0.1 at 2021-10-12 18:13:55 -0500
Processing by HomeController#index as HTML
  Rendering layout layouts/application.html.erb
  Rendering home/index.html.erb within layouts/application
  Rendered home/index.html.erb within layouts/application (Duration: 0.1ms | Allocations: 38)
[Webpacker] Everything's up-to-date. Nothing to do
  Rendered layout layouts/application.html.erb (Duration: 12.7ms | Allocations: 3364)
Completed 200 OK in 15ms (Views: 13.9ms | ActiveRecord: 0.0ms | Allocations: 3821)


Started GET "/" for 127.0.0.1 at 2021-10-12 18:13:56 -0500
Processing by HomeController#index as HTML
  Rendering layout layouts/application.html.erb
  Rendering home/index.html.erb within layouts/application
  Rendered home/index.html.erb within layouts/application (Duration: 0.1ms | Allocations: 38)
[Webpacker] Everything's up-to-date. Nothing to do
  Rendered layout layouts/application.html.erb (Duration: 8.6ms | Allocations: 3848)
Completed 200 OK in 10ms (Views: 9.3ms | ActiveRecord: 0.0ms | Allocations: 4308)


Started GET "/users/sign_in" for 127.0.0.1 at 2021-10-12 18:13:57 -0500
Processing by Devise::SessionsController#new as HTML
  Rendering layout layouts/application.html.erb
  Rendering devise/sessions/new.html.erb within layouts/application
  Rendered devise/shared/_links.html.erb (Duration: 0.4ms | Allocations: 154)
  Rendered devise/sessions/new.html.erb within layouts/application (Duration: 2.4ms | Allocations: 1017)
[Webpacker] Everything's up-to-date. Nothing to do
  Rendered layout layouts/application.html.erb (Duration: 8.7ms | Allocations: 4335)
Completed 200 OK in 11ms (Views: 9.3ms | ActiveRecord: 0.0ms | Allocations: 5020)


Started GET "/" for 127.0.0.1 at 2021-10-12 18:13:58 -0500
Processing by HomeController#index as HTML
  Rendering layout layouts/application.html.erb
  Rendering home/index.html.erb within layouts/application
  Rendered home/index.html.erb within layouts/application (Duration: 0.1ms | Allocations: 38)
[Webpacker] Everything's up-to-date. Nothing to do
  Rendered layout layouts/application.html.erb (Duration: 8.4ms | Allocations: 3356)
Completed 200 OK in 11ms (Views: 9.3ms | ActiveRecord: 0.0ms | Allocations: 3813)


Started GET "/users/sign_in" for 127.0.0.1 at 2021-10-12 18:14:08 -0500
Processing by Devise::SessionsController#new as HTML
  Rendering layout layouts/application.html.erb
  Rendering devise/sessions/new.html.erb within layouts/application
  Rendered devise/shared/_links.html.erb (Duration: 0.3ms | Allocations: 154)
  Rendered devise/sessions/new.html.erb within layouts/application (Duration: 2.3ms | Allocations: 1017)
[Webpacker] Everything's up-to-date. Nothing to do
  Rendered layout layouts/application.html.erb (Duration: 9.9ms | Allocations: 4335)
Completed 200 OK in 12ms (Views: 10.9ms | ActiveRecord: 0.0ms | Allocations: 5024)


Started GET "/users/sign_up" for 127.0.0.1 at 2021-10-12 18:14:10 -0500
Processing by Devise::RegistrationsController#new as HTML
  Rendering layout layouts/application.html.erb
  Rendering devise/registrations/new.html.erb within layouts/application
  Rendered devise/shared/_error_messages.html.erb (Duration: 0.2ms | Allocations: 44)
  Rendered devise/shared/_links.html.erb (Duration: 0.4ms | Allocations: 106)
  Rendered devise/registrations/new.html.erb within layouts/application (Duration: 3.5ms | Allocations: 1069)
[Webpacker] Everything's up-to-date. Nothing to do
  Rendered layout layouts/application.html.erb (Duration: 16.4ms | Allocations: 4989)
Completed 200 OK in 18ms (Views: 17.4ms | ActiveRecord: 0.0ms | Allocations: 5605)


Started GET "/users/sign_in" for 127.0.0.1 at 2021-10-12 18:14:12 -0500
Processing by Devise::SessionsController#new as HTML
  Rendering layout layouts/application.html.erb
  Rendering devise/sessions/new.html.erb within layouts/application
  Rendered devise/shared/_links.html.erb (Duration: 0.3ms | Allocations: 154)
  Rendered devise/sessions/new.html.erb within layouts/application (Duration: 2.1ms | Allocations: 1017)
[Webpacker] Everything's up-to-date. Nothing to do
  Rendered layout layouts/application.html.erb (Duration: 14.8ms | Allocations: 4933)
Completed 200 OK in 17ms (Views: 15.5ms | ActiveRecord: 0.0ms | Allocations: 5616)


Started GET "/users/sign_in" for 127.0.0.1 at 2021-10-12 18:16:53 -0500
Processing by Devise::SessionsController#new as HTML
  [1m[35m (0.1ms)[0m  [1m[34mSELECT sqlite_version(*)[0m
  Rendering layout layouts/application.html.erb
  Rendering devise/sessions/new.html.erb within layouts/application
  Rendered devise/shared/_links.html.erb (Duration: 0.3ms | Allocations: 194)
  Rendered devise/sessions/new.html.erb within layouts/application (Duration: 6.8ms | Allocations: 2731)
[Webpacker] Everything's up-to-date. Nothing to do
  Rendered layout layouts/application.html.erb (Duration: 15.6ms | Allocations: 6694)
Completed 200 OK in 29ms (Views: 17.0ms | ActiveRecord: 0.9ms | Allocations: 15399)


Started GET "/users/sign_in" for 127.0.0.1 at 2021-10-12 18:17:32 -0500
Processing by Devise::SessionsController#new as HTML
  Rendering layout layouts/application.html.erb
  Rendering devise/sessions/new.html.erb within layouts/application
  Rendered devise/shared/_links.html.erb (Duration: 0.4ms | Allocations: 154)
  Rendered devise/sessions/new.html.erb within layouts/application (Duration: 2.6ms | Allocations: 1017)
[Webpacker] Everything's up-to-date. Nothing to do
  Rendered layout layouts/application.html.erb (Duration: 30.5ms | Allocations: 13063)
Completed 200 OK in 33ms (Views: 31.1ms | ActiveRecord: 0.0ms | Allocations: 13830)


Started GET "/users/sign_in" for 127.0.0.1 at 2021-10-12 18:17:33 -0500
Processing by Devise::SessionsController#new as HTML
  Rendering layout layouts/application.html.erb
  Rendering devise/sessions/new.html.erb within layouts/application
  Rendered devise/shared/_links.html.erb (Duration: 0.5ms | Allocations: 154)
  Rendered devise/sessions/new.html.erb within layouts/application (Duration: 3.2ms | Allocations: 1017)
[Webpacker] Everything's up-to-date. Nothing to do
  Rendered layout layouts/application.html.erb (Duration: 8.9ms | Allocations: 4391)
Completed 200 OK in 11ms (Views: 9.6ms | ActiveRecord: 0.0ms | Allocations: 5071)


Started GET "/users/sign_in" for 127.0.0.1 at 2021-10-12 18:17:34 -0500
Processing by Devise::SessionsController#new as HTML
  Rendering layout layouts/application.html.erb
  Rendering devise/sessions/new.html.erb within layouts/application
  Rendered devise/shared/_links.html.erb (Duration: 0.6ms | Allocations: 154)
  Rendered devise/sessions/new.html.erb within layouts/application (Duration: 3.6ms | Allocations: 1017)
[Webpacker] Everything's up-to-date. Nothing to do
  Rendered layout layouts/application.html.erb (Duration: 10.7ms | Allocations: 4391)
Completed 200 OK in 13ms (Views: 11.8ms | ActiveRecord: 0.0ms | Allocations: 5071)


Started GET "/users/sign_in" for 127.0.0.1 at 2021-10-12 18:17:35 -0500
Processing by Devise::SessionsController#new as HTML
  Rendering layout layouts/application.html.erb
  Rendering devise/sessions/new.html.erb within layouts/application
  Rendered devise/shared/_links.html.erb (Duration: 0.6ms | Allocations: 154)
  Rendered devise/sessions/new.html.erb within layouts/application (Duration: 4.3ms | Allocations: 1017)
[Webpacker] Everything's up-to-date. Nothing to do
  Rendered layout layouts/application.html.erb (Duration: 10.7ms | Allocations: 4391)
Completed 200 OK in 13ms (Views: 11.5ms | ActiveRecord: 0.0ms | Allocations: 5071)


Started GET "/users/sign_in" for 127.0.0.1 at 2021-10-12 18:17:36 -0500
Processing by Devise::SessionsController#new as HTML
  Rendering layout layouts/application.html.erb
  Rendering devise/sessions/new.html.erb within layouts/application
  Rendered devise/shared/_links.html.erb (Duration: 0.4ms | Allocations: 154)
  Rendered devise/sessions/new.html.erb within layouts/application (Duration: 3.0ms | Allocations: 1017)
[Webpacker] Everything's up-to-date. Nothing to do
  Rendered layout layouts/application.html.erb (Duration: 9.3ms | Allocations: 4391)
Completed 200 OK in 11ms (Views: 10.0ms | ActiveRecord: 0.0ms | Allocations: 5071)


Started GET "/users/sign_in" for 127.0.0.1 at 2021-10-12 18:17:39 -0500
Processing by Devise::SessionsController#new as HTML
  Rendering layout layouts/application.html.erb
  Rendering devise/sessions/new.html.erb within layouts/application
  Rendered devise/shared/_links.html.erb (Duration: 0.4ms | Allocations: 154)
  Rendered devise/sessions/new.html.erb within layouts/application (Duration: 3.2ms | Allocations: 1017)
[Webpacker] Everything's up-to-date. Nothing to do
  Rendered layout layouts/application.html.erb (Duration: 9.3ms | Allocations: 4391)
Completed 200 OK in 11ms (Views: 10.3ms | ActiveRecord: 0.0ms | Allocations: 5074)


Started GET "/" for 127.0.0.1 at 2021-10-12 18:17:40 -0500
Processing by HomeController#index as HTML
  Rendering layout layouts/application.html.erb
  Rendering home/index.html.erb within layouts/application
  Rendered home/index.html.erb within layouts/application (Duration: 0.2ms | Allocations: 59)
[Webpacker] Everything's up-to-date. Nothing to do
  Rendered layout layouts/application.html.erb (Duration: 6.5ms | Allocations: 3879)
Completed 200 OK in 9ms (Views: 7.8ms | ActiveRecord: 0.0ms | Allocations: 4669)


Started GET "/users/sign_in" for 127.0.0.1 at 2021-10-12 18:17:42 -0500
Processing by Devise::SessionsController#new as HTML
  Rendering layout layouts/application.html.erb
  Rendering devise/sessions/new.html.erb within layouts/application
  Rendered devise/shared/_links.html.erb (Duration: 0.5ms | Allocations: 154)
  Rendered devise/sessions/new.html.erb within layouts/application (Duration: 3.4ms | Allocations: 1092)
[Webpacker] Everything's up-to-date. Nothing to do
  Rendered layout layouts/application.html.erb (Duration: 10.3ms | Allocations: 4467)
Completed 200 OK in 13ms (Views: 11.2ms | ActiveRecord: 0.0ms | Allocations: 5240)


Started GET "/users/sign_up" for 127.0.0.1 at 2021-10-12 18:17:43 -0500
Processing by Devise::RegistrationsController#new as HTML
  Rendering layout layouts/application.html.erb
  Rendering devise/registrations/new.html.erb within layouts/application
  Rendered devise/shared/_error_messages.html.erb (Duration: 0.1ms | Allocations: 56)
  Rendered devise/shared/_links.html.erb (Duration: 0.4ms | Allocations: 126)
  Rendered devise/registrations/new.html.erb within layouts/application (Duration: 4.8ms | Allocations: 1289)
[Webpacker] Everything's up-to-date. Nothing to do
  Rendered layout layouts/application.html.erb (Duration: 12.0ms | Allocations: 5077)
Completed 200 OK in 23ms (Views: 14.2ms | ActiveRecord: 0.0ms | Allocations: 6732)


Started GET "/users/sign_up" for 127.0.0.1 at 2021-10-12 18:17:53 -0500
  [1m[35m (0.8ms)[0m  [1m[34mSELECT sqlite_version(*)[0m
  [1m[35m (0.3ms)[0m  [1m[34mSELECT "schema_migrations"."version" FROM "schema_migrations" ORDER BY "schema_migrations"."version" ASC[0m
Processing by Devise::RegistrationsController#new as HTML
  Rendering layout layouts/application.html.erb
  Rendering devise/registrations/new.html.erb within layouts/application
  Rendered devise/shared/_error_messages.html.erb (Duration: 0.5ms | Allocations: 296)
  Rendered devise/shared/_links.html.erb (Duration: 1.6ms | Allocations: 606)
  Rendered devise/registrations/new.html.erb within layouts/application (Duration: 16.0ms | Allocations: 5961)
[Webpacker] Everything's up-to-date. Nothing to do
  Rendered layout layouts/application.html.erb (Duration: 45.8ms | Allocations: 16812)
Completed 200 OK in 87ms (Views: 56.3ms | ActiveRecord: 1.9ms | Allocations: 29441)


Started GET "/users/sign_up" for 127.0.0.1 at 2021-10-12 18:17:53 -0500
Processing by Devise::RegistrationsController#new as HTML
  Rendering layout layouts/application.html.erb
  Rendering devise/registrations/new.html.erb within layouts/application
  Rendered devise/shared/_error_messages.html.erb (Duration: 0.1ms | Allocations: 49)
  Rendered devise/shared/_links.html.erb (Duration: 0.2ms | Allocations: 107)
  Rendered devise/registrations/new.html.erb within layouts/application (Duration: 2.0ms | Allocations: 1180)
[Webpacker] Everything's up-to-date. Nothing to do
  Rendered layout layouts/application.html.erb (Duration: 7.0ms | Allocations: 4694)
Completed 200 OK in 9ms (Views: 7.6ms | ActiveRecord: 0.0ms | Allocations: 5461)


Started GET "/users/sign_up" for 127.0.0.1 at 2021-10-12 18:17:54 -0500
Processing by Devise::RegistrationsController#new as HTML
  Rendering layout layouts/application.html.erb
  Rendering devise/registrations/new.html.erb within layouts/application
  Rendered devise/shared/_error_messages.html.erb (Duration: 0.1ms | Allocations: 44)
  Rendered devise/shared/_links.html.erb (Duration: 0.2ms | Allocations: 106)
  Rendered devise/registrations/new.html.erb within layouts/application (Duration: 2.1ms | Allocations: 1069)
[Webpacker] Everything's up-to-date. Nothing to do
  Rendered layout layouts/application.html.erb (Duration: 7.4ms | Allocations: 4447)
Completed 200 OK in 9ms (Views: 8.1ms | ActiveRecord: 0.0ms | Allocations: 5072)


Started GET "/users/sign_in" for 127.0.0.1 at 2021-10-12 18:18:06 -0500
Processing by Devise::SessionsController#new as HTML
  Rendering layout layouts/application.html.erb
  Rendering devise/sessions/new.html.erb within layouts/application
  Rendered devise/shared/_links.html.erb (Duration: 1.8ms | Allocations: 270)
  Rendered devise/sessions/new.html.erb within layouts/application (Duration: 7.8ms | Allocations: 2604)
[Webpacker] Everything's up-to-date. Nothing to do
  Rendered layout layouts/application.html.erb (Duration: 17.2ms | Allocations: 6335)
Completed 200 OK in 23ms (Views: 20.2ms | ActiveRecord: 0.0ms | Allocations: 8293)


Started GET "/users/sign_up" for 127.0.0.1 at 2021-10-12 18:18:08 -0500
Processing by Devise::RegistrationsController#new as HTML
  Rendering layout layouts/application.html.erb
  Rendering devise/registrations/new.html.erb within layouts/application
  Rendered devise/shared/_error_messages.html.erb (Duration: 0.1ms | Allocations: 45)
  Rendered devise/shared/_links.html.erb (Duration: 0.5ms | Allocations: 106)
  Rendered devise/registrations/new.html.erb within layouts/application (Duration: 3.9ms | Allocations: 1084)
[Webpacker] Everything's up-to-date. Nothing to do
  Rendered layout layouts/application.html.erb (Duration: 80.9ms | Allocations: 5041)
Completed 200 OK in 84ms (Views: 81.9ms | ActiveRecord: 0.0ms | Allocations: 5751)


Started GET "/" for 127.0.0.1 at 2021-10-12 18:18:09 -0500
Processing by HomeController#index as HTML
  Rendering layout layouts/application.html.erb
  Rendering home/index.html.erb within layouts/application
  Rendered home/index.html.erb within layouts/application (Duration: 0.9ms | Allocations: 149)
[Webpacker] Everything's up-to-date. Nothing to do
  Rendered layout layouts/application.html.erb (Duration: 9.1ms | Allocations: 3998)
Completed 200 OK in 14ms (Views: 12.6ms | ActiveRecord: 0.0ms | Allocations: 5997)


Started GET "/users/sign_in" for 127.0.0.1 at 2021-10-12 18:18:10 -0500
Processing by Devise::SessionsController#new as HTML
  Rendering layout layouts/application.html.erb
  Rendering devise/sessions/new.html.erb within layouts/application
  Rendered devise/shared/_links.html.erb (Duration: 0.4ms | Allocations: 154)
  Rendered devise/sessions/new.html.erb within layouts/application (Duration: 2.6ms | Allocations: 1092)
[Webpacker] Everything's up-to-date. Nothing to do
  Rendered layout layouts/application.html.erb (Duration: 10.6ms | Allocations: 4470)
Completed 200 OK in 13ms (Views: 11.6ms | ActiveRecord: 0.0ms | Allocations: 5245)


Started GET "/users/sign_in" for 127.0.0.1 at 2021-10-12 18:22:25 -0500
Processing by Devise::SessionsController#new as HTML
  Rendering layout layouts/application.html.erb
  Rendering devise/sessions/new.html.erb within layouts/application
  Rendered devise/shared/_links.html.erb (Duration: 0.9ms | Allocations: 553)
  Rendered devise/sessions/new.html.erb within layouts/application (Duration: 4.6ms | Allocations: 2153)
[Webpacker] Everything's up-to-date. Nothing to do
  Rendered layout layouts/application.html.erb (Duration: 11.7ms | Allocations: 6158)
Completed 200 OK in 16ms (Views: 14.2ms | ActiveRecord: 0.0ms | Allocations: 8162)


Started GET "/users/sign_in" for 127.0.0.1 at 2021-10-12 18:22:27 -0500
Processing by Devise::SessionsController#new as HTML
  Rendering layout layouts/application.html.erb
  Rendering devise/sessions/new.html.erb within layouts/application
  Rendered devise/shared/_links.html.erb (Duration: 0.5ms | Allocations: 154)
  Rendered devise/sessions/new.html.erb within layouts/application (Duration: 2.9ms | Allocations: 1029)
[Webpacker] Everything's up-to-date. Nothing to do
  Rendered layout layouts/application.html.erb (Duration: 10.6ms | Allocations: 4404)
Completed 200 OK in 13ms (Views: 11.7ms | ActiveRecord: 0.0ms | Allocations: 5179)


Started GET "/users/sign_in" for 127.0.0.1 at 2021-10-12 18:22:31 -0500
Processing by Devise::SessionsController#new as HTML
  Rendering layout layouts/application.html.erb
  Rendering devise/sessions/new.html.erb within layouts/application
  Rendered devise/shared/_links.html.erb (Duration: 0.5ms | Allocations: 154)
  Rendered devise/sessions/new.html.erb within layouts/application (Duration: 3.5ms | Allocations: 1029)
[Webpacker] Everything's up-to-date. Nothing to do
  Rendered layout layouts/application.html.erb (Duration: 11.2ms | Allocations: 4403)
Completed 200 OK in 14ms (Views: 12.3ms | ActiveRecord: 0.0ms | Allocations: 5097)


Started GET "/users/sign_up" for 127.0.0.1 at 2021-10-12 18:22:32 -0500
Processing by Devise::RegistrationsController#new as HTML
  Rendering layout layouts/application.html.erb
  Rendering devise/registrations/new.html.erb within layouts/application
  Rendered devise/shared/_error_messages.html.erb (Duration: 0.8ms | Allocations: 229)
  Rendered devise/shared/_links.html.erb (Duration: 0.3ms | Allocations: 116)
  Rendered devise/registrations/new.html.erb within layouts/application (Duration: 5.2ms | Allocations: 1904)
[Webpacker] Everything's up-to-date. Nothing to do
  Rendered layout layouts/application.html.erb (Duration: 15.3ms | Allocations: 5519)
Completed 200 OK in 20ms (Views: 18.5ms | ActiveRecord: 0.0ms | Allocations: 6864)


Started GET "/users/sign_in" for 127.0.0.1 at 2021-10-12 18:22:34 -0500
Processing by Devise::SessionsController#new as HTML
  Rendering layout layouts/application.html.erb
  Rendering devise/sessions/new.html.erb within layouts/application
  Rendered devise/shared/_links.html.erb (Duration: 0.3ms | Allocations: 154)
  Rendered devise/sessions/new.html.erb within layouts/application (Duration: 2.4ms | Allocations: 1033)
[Webpacker] Everything's up-to-date. Nothing to do
  Rendered layout layouts/application.html.erb (Duration: 14.0ms | Allocations: 5002)
Completed 200 OK in 16ms (Views: 14.7ms | ActiveRecord: 0.0ms | Allocations: 5774)


Started GET "/users/sign_in" for 127.0.0.1 at 2021-10-12 18:23:00 -0500
Processing by Devise::SessionsController#new as HTML
  Rendering layout layouts/application.html.erb
  Rendering devise/sessions/new.html.erb within layouts/application
  Rendered devise/shared/_links.html.erb (Duration: 2.0ms | Allocations: 553)
  Rendered devise/sessions/new.html.erb within layouts/application (Duration: 7.8ms | Allocations: 2045)
[Webpacker] Everything's up-to-date. Nothing to do
  Rendered layout layouts/application.html.erb (Duration: 16.4ms | Allocations: 6050)
Completed 200 OK in 23ms (Views: 21.2ms | ActiveRecord: 0.0ms | Allocations: 8052)


Started GET "/users/sign_up" for 127.0.0.1 at 2021-10-12 18:23:03 -0500
Processing by Devise::RegistrationsController#new as HTML
  Rendering layout layouts/application.html.erb
  Rendering devise/registrations/new.html.erb within layouts/application
  Rendered devise/shared/_error_messages.html.erb (Duration: 1.3ms | Allocations: 229)
  Rendered devise/shared/_links.html.erb (Duration: 0.4ms | Allocations: 116)
  Rendered devise/registrations/new.html.erb within layouts/application (Duration: 11.6ms | Allocations: 1933)
[Webpacker] Everything's up-to-date. Nothing to do
  Rendered layout layouts/application.html.erb (Duration: 20.1ms | Allocations: 6327)
Completed 200 OK in 24ms (Views: 22.7ms | ActiveRecord: 0.0ms | Allocations: 7742)


Started GET "/users/sign_up" for 127.0.0.1 at 2021-10-12 18:23:04 -0500
Processing by Devise::RegistrationsController#new as HTML
  Rendering layout layouts/application.html.erb
  Rendering devise/registrations/new.html.erb within layouts/application
  Rendered devise/shared/_error_messages.html.erb (Duration: 0.1ms | Allocations: 44)
  Rendered devise/shared/_links.html.erb (Duration: 0.2ms | Allocations: 106)
  Rendered devise/registrations/new.html.erb within layouts/application (Duration: 2.1ms | Allocations: 1091)
[Webpacker] Everything's up-to-date. Nothing to do
  Rendered layout layouts/application.html.erb (Duration: 8.3ms | Allocations: 4465)
Completed 200 OK in 10ms (Views: 8.9ms | ActiveRecord: 0.0ms | Allocations: 5157)


Started GET "/users/sign_in" for 127.0.0.1 at 2021-10-12 18:23:06 -0500
Processing by Devise::SessionsController#new as HTML
  Rendering layout layouts/application.html.erb
  Rendering devise/sessions/new.html.erb within layouts/application
  Rendered devise/shared/_links.html.erb (Duration: 0.5ms | Allocations: 154)
  Rendered devise/sessions/new.html.erb within layouts/application (Duration: 2.6ms | Allocations: 1033)
[Webpacker] Everything's up-to-date. Nothing to do
  Rendered layout layouts/application.html.erb (Duration: 12.4ms | Allocations: 5012)
Completed 200 OK in 15ms (Views: 13.3ms | ActiveRecord: 0.0ms | Allocations: 5711)


Started GET "/users/sign_up" for 127.0.0.1 at 2021-10-12 18:23:08 -0500
Processing by Devise::RegistrationsController#new as HTML
  Rendering layout layouts/application.html.erb
  Rendering devise/registrations/new.html.erb within layouts/application
  Rendered devise/shared/_error_messages.html.erb (Duration: 0.1ms | Allocations: 44)
  Rendered devise/shared/_links.html.erb (Duration: 0.4ms | Allocations: 106)
  Rendered devise/registrations/new.html.erb within layouts/application (Duration: 2.9ms | Allocations: 1091)
[Webpacker] Everything's up-to-date. Nothing to do
  Rendered layout layouts/application.html.erb (Duration: 11.2ms | Allocations: 5057)
Completed 200 OK in 13ms (Views: 12.0ms | ActiveRecord: 0.0ms | Allocations: 5674)


Started DELETE "/users/sign_out" for 127.0.0.1 at 2021-10-12 18:23:09 -0500
Processing by Devise::SessionsController#destroy as HTML
  Parameters: {"authenticity_token"=>"[FILTERED]"}
Redirected to http://127.0.0.1:3000/
Filter chain halted as :verify_signed_out_user rendered or redirected
Completed 302 Found in 1ms (ActiveRecord: 0.0ms | Allocations: 504)


Started GET "/" for 127.0.0.1 at 2021-10-12 18:23:09 -0500
Processing by HomeController#index as HTML
  Rendering layout layouts/application.html.erb
  Rendering home/index.html.erb within layouts/application
  Rendered home/index.html.erb within layouts/application (Duration: 0.5ms | Allocations: 139)
[Webpacker] Everything's up-to-date. Nothing to do
  Rendered layout layouts/application.html.erb (Duration: 5.9ms | Allocations: 3805)
Completed 200 OK in 9ms (Views: 7.8ms | ActiveRecord: 0.0ms | Allocations: 4977)


Started GET "/users/sign_in" for 127.0.0.1 at 2021-10-12 18:23:11 -0500
Processing by Devise::SessionsController#new as HTML
  Rendering layout layouts/application.html.erb
  Rendering devise/sessions/new.html.erb within layouts/application
  Rendered devise/shared/_links.html.erb (Duration: 0.5ms | Allocations: 154)
  Rendered devise/sessions/new.html.erb within layouts/application (Duration: 5.2ms | Allocations: 1537)
[Webpacker] Everything's up-to-date. Nothing to do
  Rendered layout layouts/application.html.erb (Duration: 14.6ms | Allocations: 5081)
Completed 200 OK in 17ms (Views: 15.3ms | ActiveRecord: 0.0ms | Allocations: 5860)


Started GET "/users/sign_in" for 127.0.0.1 at 2021-10-12 18:23:33 -0500
Processing by Devise::SessionsController#new as HTML
  Rendering layout layouts/application.html.erb
  Rendering devise/sessions/new.html.erb within layouts/application
  Rendered devise/shared/_links.html.erb (Duration: 0.2ms | Allocations: 154)
  Rendered devise/sessions/new.html.erb within layouts/application (Duration: 2.1ms | Allocations: 1029)
[Webpacker] Everything's up-to-date. Nothing to do
  Rendered layout layouts/application.html.erb (Duration: 18.1ms | Allocations: 10186)
Completed 200 OK in 20ms (Views: 18.8ms | ActiveRecord: 0.0ms | Allocations: 10869)


Started GET "/" for 127.0.0.1 at 2021-10-12 18:23:35 -0500
Processing by HomeController#index as HTML
  Rendering layout layouts/application.html.erb
  Rendering home/index.html.erb within layouts/application
  Rendered home/index.html.erb within layouts/application (Duration: 0.2ms | Allocations: 38)
[Webpacker] Everything's up-to-date. Nothing to do
  Rendered layout layouts/application.html.erb (Duration: 9.8ms | Allocations: 4010)
Completed 200 OK in 12ms (Views: 10.8ms | ActiveRecord: 0.0ms | Allocations: 4471)


Started GET "/users/sign_in" for 127.0.0.1 at 2021-10-12 18:23:37 -0500
Processing by Devise::SessionsController#new as HTML
  Rendering layout layouts/application.html.erb
  Rendering devise/sessions/new.html.erb within layouts/application
  Rendered devise/shared/_links.html.erb (Duration: 0.5ms | Allocations: 154)
  Rendered devise/sessions/new.html.erb within layouts/application (Duration: 4.6ms | Allocations: 1029)
[Webpacker] Everything's up-to-date. Nothing to do
  Rendered layout layouts/application.html.erb (Duration: 16.6ms | Allocations: 5011)
Completed 200 OK in 19ms (Views: 17.6ms | ActiveRecord: 0.0ms | Allocations: 5697)


Started GET "/users/sign_up" for 127.0.0.1 at 2021-10-12 18:23:38 -0500
Processing by Devise::RegistrationsController#new as HTML
  Rendering layout layouts/application.html.erb
  Rendering devise/registrations/new.html.erb within layouts/application
  Rendered devise/shared/_error_messages.html.erb (Duration: 0.1ms | Allocations: 44)
  Rendered devise/shared/_links.html.erb (Duration: 0.3ms | Allocations: 106)
  Rendered devise/registrations/new.html.erb within layouts/application (Duration: 2.8ms | Allocations: 1092)
[Webpacker] Everything's up-to-date. Nothing to do
  Rendered layout layouts/application.html.erb (Duration: 12.2ms | Allocations: 5067)
Completed 200 OK in 14ms (Views: 13.1ms | ActiveRecord: 0.0ms | Allocations: 5688)


Started GET "/users/sign_up" for 127.0.0.1 at 2021-10-12 18:24:41 -0500
Processing by Devise::RegistrationsController#new as HTML
  Rendering layout layouts/application.html.erb
  Rendering devise/registrations/new.html.erb within layouts/application
  Rendered devise/shared/_error_messages.html.erb (Duration: 0.5ms | Allocations: 44)
  Rendered devise/shared/_links.html.erb (Duration: 0.8ms | Allocations: 106)
  Rendered devise/registrations/new.html.erb within layouts/application (Duration: 6.6ms | Allocations: 1091)
[Webpacker] Everything's up-to-date. Nothing to do
  Rendered layout layouts/application.html.erb (Duration: 14.2ms | Allocations: 4463)
Completed 200 OK in 18ms (Views: 17.2ms | Allocations: 5077)


Started GET "/users/sign_up" for 127.0.0.1 at 2021-10-12 18:24:42 -0500
Processing by Devise::RegistrationsController#new as HTML
  Rendering layout layouts/application.html.erb
  Rendering devise/registrations/new.html.erb within layouts/application
  Rendered devise/shared/_error_messages.html.erb (Duration: 0.1ms | Allocations: 44)
  Rendered devise/shared/_links.html.erb (Duration: 0.3ms | Allocations: 106)
  Rendered devise/registrations/new.html.erb within layouts/application (Duration: 2.7ms | Allocations: 1091)
[Webpacker] Everything's up-to-date. Nothing to do
  Rendered layout layouts/application.html.erb (Duration: 10.1ms | Allocations: 4463)
Completed 200 OK in 12ms (Views: 11.0ms | Allocations: 5078)


Started GET "/" for 127.0.0.1 at 2021-10-12 18:24:43 -0500
Processing by HomeController#index as HTML
  Rendering layout layouts/application.html.erb
  Rendering home/index.html.erb within layouts/application
  Rendered home/index.html.erb within layouts/application (Duration: 0.2ms | Allocations: 38)
[Webpacker] Everything's up-to-date. Nothing to do
  Rendered layout layouts/application.html.erb (Duration: 13.0ms | Allocations: 3999)
Completed 200 OK in 16ms (Views: 14.2ms | Allocations: 4455)


Started GET "/" for 127.0.0.1 at 2021-10-12 18:24:43 -0500
Processing by HomeController#index as HTML
  Rendering layout layouts/application.html.erb
  Rendering home/index.html.erb within layouts/application
  Rendered home/index.html.erb within layouts/application (Duration: 0.1ms | Allocations: 38)
[Webpacker] Everything's up-to-date. Nothing to do
  Rendered layout layouts/application.html.erb (Duration: 7.8ms | Allocations: 3915)
Completed 200 OK in 9ms (Views: 8.3ms | Allocations: 4378)


Started GET "/" for 127.0.0.1 at 2021-10-12 18:24:44 -0500
Processing by HomeController#index as HTML
  Rendering layout layouts/application.html.erb
  Rendering home/index.html.erb within layouts/application
  Rendered home/index.html.erb within layouts/application (Duration: 0.1ms | Allocations: 38)
[Webpacker] Everything's up-to-date. Nothing to do
  Rendered layout layouts/application.html.erb (Duration: 8.3ms | Allocations: 3410)
Completed 200 OK in 10ms (Views: 9.2ms | Allocations: 3866)


Started GET "/" for 127.0.0.1 at 2021-10-12 18:24:44 -0500
Processing by HomeController#index as HTML
  Rendering layout layouts/application.html.erb
  Rendering home/index.html.erb within layouts/application
  Rendered home/index.html.erb within layouts/application (Duration: 0.2ms | Allocations: 38)
[Webpacker] Everything's up-to-date. Nothing to do
  Rendered layout layouts/application.html.erb (Duration: 8.3ms | Allocations: 3410)
Completed 200 OK in 10ms (Views: 9.4ms | Allocations: 3866)


Started GET "/" for 127.0.0.1 at 2021-10-12 18:24:45 -0500
Processing by HomeController#index as HTML
  Rendering layout layouts/application.html.erb
  Rendering home/index.html.erb within layouts/application
  Rendered home/index.html.erb within layouts/application (Duration: 0.1ms | Allocations: 38)
[Webpacker] Everything's up-to-date. Nothing to do
  Rendered layout layouts/application.html.erb (Duration: 7.7ms | Allocations: 3410)
Completed 200 OK in 10ms (Views: 8.6ms | Allocations: 3866)


Started GET "/home/index" for 127.0.0.1 at 2021-10-12 18:24:45 -0500
Processing by HomeController#index as HTML
  Rendering layout layouts/application.html.erb
  Rendering home/index.html.erb within layouts/application
  Rendered home/index.html.erb within layouts/application (Duration: 0.1ms | Allocations: 38)
[Webpacker] Everything's up-to-date. Nothing to do
  Rendered layout layouts/application.html.erb (Duration: 7.5ms | Allocations: 4005)
Completed 200 OK in 9ms (Views: 8.3ms | Allocations: 4461)


Started GET "/" for 127.0.0.1 at 2021-10-12 18:24:47 -0500
Processing by HomeController#index as HTML
  Rendering layout layouts/application.html.erb
  Rendering home/index.html.erb within layouts/application
  Rendered home/index.html.erb within layouts/application (Duration: 0.1ms | Allocations: 38)
[Webpacker] Everything's up-to-date. Nothing to do
  Rendered layout layouts/application.html.erb (Duration: 10.0ms | Allocations: 3996)
Completed 200 OK in 12ms (Views: 10.9ms | Allocations: 4452)


Started GET "/" for 127.0.0.1 at 2021-10-12 18:24:48 -0500
Processing by HomeController#index as HTML
  Rendering layout layouts/application.html.erb
  Rendering home/index.html.erb within layouts/application
  Rendered home/index.html.erb within layouts/application (Duration: 0.1ms | Allocations: 38)
[Webpacker] Everything's up-to-date. Nothing to do
  Rendered layout layouts/application.html.erb (Duration: 11.3ms | Allocations: 3410)
Completed 200 OK in 13ms (Views: 12.2ms | Allocations: 3866)


Started GET "/" for 127.0.0.1 at 2021-10-12 18:24:48 -0500
Processing by HomeController#index as HTML
  Rendering layout layouts/application.html.erb
  Rendering home/index.html.erb within layouts/application
  Rendered home/index.html.erb within layouts/application (Duration: 0.1ms | Allocations: 39)
[Webpacker] Everything's up-to-date. Nothing to do
  Rendered layout layouts/application.html.erb (Duration: 7.8ms | Allocations: 3420)
Completed 200 OK in 12ms (Views: 8.7ms | Allocations: 3878)


Started GET "/" for 127.0.0.1 at 2021-10-12 18:24:48 -0500
Processing by HomeController#index as HTML
  Rendering layout layouts/application.html.erb
  Rendering home/index.html.erb within layouts/application
  Rendered home/index.html.erb within layouts/application (Duration: 0.1ms | Allocations: 38)
[Webpacker] Everything's up-to-date. Nothing to do
  Rendered layout layouts/application.html.erb (Duration: 7.6ms | Allocations: 3419)
Completed 200 OK in 9ms (Views: 8.4ms | Allocations: 3877)


Started GET "/home/index" for 127.0.0.1 at 2021-10-12 18:24:51 -0500
Processing by HomeController#index as HTML
  Rendering layout layouts/application.html.erb
  Rendering home/index.html.erb within layouts/application
  Rendered home/index.html.erb within layouts/application (Duration: 0.1ms | Allocations: 38)
[Webpacker] Everything's up-to-date. Nothing to do
  Rendered layout layouts/application.html.erb (Duration: 8.6ms | Allocations: 3416)
Completed 200 OK in 13ms (Views: 12.5ms | Allocations: 4462)


Started GET "/home/index" for 127.0.0.1 at 2021-10-12 18:24:52 -0500
Processing by HomeController#index as HTML
  Rendering layout layouts/application.html.erb
  Rendering home/index.html.erb within layouts/application
  Rendered home/index.html.erb within layouts/application (Duration: 0.1ms | Allocations: 38)
[Webpacker] Everything's up-to-date. Nothing to do
  Rendered layout layouts/application.html.erb (Duration: 7.1ms | Allocations: 3413)
Completed 200 OK in 9ms (Views: 8.2ms | Allocations: 3870)


